Vivado Simulator 2019.1
Time resolution is 1 ps
At time 5000: State[0] = 1234fadc
At time 5000: State[1] = 00000000
At time 5000: State[2] = 00000000
At time 5000: State[3] = 00000000
At time 5000: State[4] = 00000000
At time 5000: State[5] = 00000000
At time 5000: State[6] = 00000000
At time 5000: State[7] = 00000000
At time 5000: State[8] = 00000000
At time 5000: State[9] = 00000000
At time 5000: State[10] = 00000000
At time 5000: State[11] = 00000000
At time 5000: State[12] = 00000000
At time 5000: State[13] = 00000000
At time 5000: State[14] = 00000000
At time 5000: State[15] = 00000000
At time 5000: State[16] = 00000000
At time 5000: State[17] = 00000000
At time 5000: State[18] = 00000000
At time 5000: State[19] = 00000000
At time 5000: State[20] = 00000000
At time 5000: State[21] = 00000000
At time 5000: State[22] = 00000000
At time 5000: State[23] = 00000000
At time 5000: State[24] = 00000000
At time 5000: State[25] = 00000000
At time 5000: State[26] = 00000000
At time 5000: State[27] = 00000000
At time 5000: State[28] = 00000000
At time 5000: State[29] = 00000000
At time 5000: State[30] = 00000000
At time 5000: State[31] = xxxxxxxx
At time 5000: LFSR Output = 00000000
At time 15000: State[0] = 1234fadc
At time 15000: State[1] = 00000000
At time 15000: State[2] = 00000000
At time 15000: State[3] = 00000000
At time 15000: State[4] = 00000000
At time 15000: State[5] = 00000000
At time 15000: State[6] = 00000000
At time 15000: State[7] = 00000000
At time 15000: State[8] = 00000000
At time 15000: State[9] = 00000000
At time 15000: State[10] = 00000000
At time 15000: State[11] = 00000000
At time 15000: State[12] = 00000000
At time 15000: State[13] = 00000000
At time 15000: State[14] = 00000000
At time 15000: State[15] = 00000000
At time 15000: State[16] = 00000000
At time 15000: State[17] = 00000000
At time 15000: State[18] = 00000000
At time 15000: State[19] = 00000000
At time 15000: State[20] = 00000000
At time 15000: State[21] = 00000000
At time 15000: State[22] = 00000000
At time 15000: State[23] = 00000000
At time 15000: State[24] = 00000000
At time 15000: State[25] = 00000000
At time 15000: State[26] = 00000000
At time 15000: State[27] = 00000000
At time 15000: State[28] = 00000000
At time 15000: State[29] = 00000000
At time 15000: State[30] = 00000000
At time 15000: State[31] = xxxxxxxx
At time 25000: State[0] = 1234fadc
At time 25000: State[1] = 891a7d6e
At time 25000: State[2] = 00000000
At time 25000: State[3] = 00000000
At time 25000: State[4] = 00000000
At time 25000: State[5] = 00000000
At time 25000: State[6] = 00000000
At time 25000: State[7] = 00000000
At time 25000: State[8] = 00000000
At time 25000: State[9] = 00000000
At time 25000: State[10] = 00000000
At time 25000: State[11] = 00000000
At time 25000: State[12] = 00000000
At time 25000: State[13] = 00000000
At time 25000: State[14] = 00000000
At time 25000: State[15] = 00000000
At time 25000: State[16] = 00000000
At time 25000: State[17] = 00000000
At time 25000: State[18] = 00000000
At time 25000: State[19] = 00000000
At time 25000: State[20] = 00000000
At time 25000: State[21] = 00000000
At time 25000: State[22] = 00000000
At time 25000: State[23] = 00000000
At time 25000: State[24] = 00000000
At time 25000: State[25] = 00000000
At time 25000: State[26] = 00000000
At time 25000: State[27] = 00000000
At time 25000: State[28] = 00000000
At time 25000: State[29] = 00000000
At time 25000: State[30] = 00000000
At time 25000: State[31] = 00000000
At time 25000: LFSR Output = Xxxxxxxx
At time 35000: State[0] = 1234fadc
At time 35000: State[1] = 891a7d6e
At time 35000: State[2] = 448d3eb7
At time 35000: State[3] = 00000000
At time 35000: State[4] = 00000000
At time 35000: State[5] = 00000000
At time 35000: State[6] = 00000000
At time 35000: State[7] = 00000000
At time 35000: State[8] = 00000000
At time 35000: State[9] = 00000000
At time 35000: State[10] = 00000000
At time 35000: State[11] = 00000000
At time 35000: State[12] = 00000000
At time 35000: State[13] = 00000000
At time 35000: State[14] = 00000000
At time 35000: State[15] = 00000000
At time 35000: State[16] = 00000000
At time 35000: State[17] = 00000000
At time 35000: State[18] = 00000000
At time 35000: State[19] = 00000000
At time 35000: State[20] = 00000000
At time 35000: State[21] = 00000000
At time 35000: State[22] = 00000000
At time 35000: State[23] = 00000000
At time 35000: State[24] = 00000000
At time 35000: State[25] = 00000000
At time 35000: State[26] = 00000000
At time 35000: State[27] = 00000000
At time 35000: State[28] = 00000000
At time 35000: State[29] = 00000000
At time 35000: State[30] = 00000000
At time 35000: State[31] = 00000000
At time 35000: LFSR Output = X0000000
At time 45000: State[0] = 1234fadc
At time 45000: State[1] = 891a7d6e
At time 45000: State[2] = 448d3eb7
At time 45000: State[3] = 22469f5b
At time 45000: State[4] = 00000000
At time 45000: State[5] = 00000000
At time 45000: State[6] = 00000000
At time 45000: State[7] = 00000000
At time 45000: State[8] = 00000000
At time 45000: State[9] = 00000000
At time 45000: State[10] = 00000000
At time 45000: State[11] = 00000000
At time 45000: State[12] = 00000000
At time 45000: State[13] = 00000000
At time 45000: State[14] = 00000000
At time 45000: State[15] = 00000000
At time 45000: State[16] = 00000000
At time 45000: State[17] = 00000000
At time 45000: State[18] = 00000000
At time 45000: State[19] = 00000000
At time 45000: State[20] = 00000000
At time 45000: State[21] = 00000000
At time 45000: State[22] = 00000000
At time 45000: State[23] = 00000000
At time 45000: State[24] = 00000000
At time 45000: State[25] = 00000000
At time 45000: State[26] = 00000000
At time 45000: State[27] = 00000000
At time 45000: State[28] = 00000000
At time 45000: State[29] = 00000000
At time 45000: State[30] = 00000000
At time 45000: State[31] = 00000000
At time 45000: LFSR Output = 00000000
At time 55000: State[0] = 1234fadc
At time 55000: State[1] = 891a7d6e
At time 55000: State[2] = 448d3eb7
At time 55000: State[3] = 22469f5b
At time 55000: State[4] = 11234fad
At time 55000: State[5] = 00000000
At time 55000: State[6] = 00000000
At time 55000: State[7] = 00000000
At time 55000: State[8] = 00000000
At time 55000: State[9] = 00000000
At time 55000: State[10] = 00000000
At time 55000: State[11] = 00000000
At time 55000: State[12] = 00000000
At time 55000: State[13] = 00000000
At time 55000: State[14] = 00000000
At time 55000: State[15] = 00000000
At time 55000: State[16] = 00000000
At time 55000: State[17] = 00000000
At time 55000: State[18] = 00000000
At time 55000: State[19] = 00000000
At time 55000: State[20] = 00000000
At time 55000: State[21] = 00000000
At time 55000: State[22] = 00000000
At time 55000: State[23] = 00000000
At time 55000: State[24] = 00000000
At time 55000: State[25] = 00000000
At time 55000: State[26] = 00000000
At time 55000: State[27] = 00000000
At time 55000: State[28] = 00000000
At time 55000: State[29] = 00000000
At time 55000: State[30] = 00000000
At time 55000: State[31] = 00000000
At time 65000: State[0] = 1234fadc
At time 65000: State[1] = 891a7d6e
At time 65000: State[2] = 448d3eb7
At time 65000: State[3] = 22469f5b
At time 65000: State[4] = 91234fad
At time 65000: State[5] = 0891a7d6
At time 65000: State[6] = 00000000
At time 65000: State[7] = 00000000
At time 65000: State[8] = 00000000
At time 65000: State[9] = 00000000
At time 65000: State[10] = 00000000
At time 65000: State[11] = 00000000
At time 65000: State[12] = 00000000
At time 65000: State[13] = 00000000
At time 65000: State[14] = 00000000
At time 65000: State[15] = 00000000
At time 65000: State[16] = 00000000
At time 65000: State[17] = 00000000
At time 65000: State[18] = 00000000
At time 65000: State[19] = 00000000
At time 65000: State[20] = 00000000
At time 65000: State[21] = 00000000
At time 65000: State[22] = 00000000
At time 65000: State[23] = 00000000
At time 65000: State[24] = 00000000
At time 65000: State[25] = 00000000
At time 65000: State[26] = 00000000
At time 65000: State[27] = 00000000
At time 65000: State[28] = 00000000
At time 65000: State[29] = 00000000
At time 65000: State[30] = 00000000
At time 65000: State[31] = 00000000
At time 75000: State[0] = 1234fadc
At time 75000: State[1] = 891a7d6e
At time 75000: State[2] = 448d3eb7
At time 75000: State[3] = 22469f5b
At time 75000: State[4] = 91234fad
At time 75000: State[5] = c891a7d6
At time 75000: State[6] = 0448d3eb
At time 75000: State[7] = 00000000
At time 75000: State[8] = 00000000
At time 75000: State[9] = 00000000
At time 75000: State[10] = 00000000
At time 75000: State[11] = 00000000
At time 75000: State[12] = 00000000
At time 75000: State[13] = 00000000
At time 75000: State[14] = 00000000
At time 75000: State[15] = 00000000
At time 75000: State[16] = 00000000
At time 75000: State[17] = 00000000
At time 75000: State[18] = 00000000
At time 75000: State[19] = 00000000
At time 75000: State[20] = 00000000
At time 75000: State[21] = 00000000
At time 75000: State[22] = 00000000
At time 75000: State[23] = 00000000
At time 75000: State[24] = 00000000
At time 75000: State[25] = 00000000
At time 75000: State[26] = 00000000
At time 75000: State[27] = 00000000
At time 75000: State[28] = 00000000
At time 75000: State[29] = 00000000
At time 75000: State[30] = 00000000
At time 75000: State[31] = 00000000
At time 85000: State[0] = 1234fadc
At time 85000: State[1] = 891a7d6e
At time 85000: State[2] = 448d3eb7
At time 85000: State[3] = 22469f5b
At time 85000: State[4] = 91234fad
At time 85000: State[5] = 4891a7d6
At time 85000: State[6] = e448d3eb
At time 85000: State[7] = 022469f5
At time 85000: State[8] = 00000000
At time 85000: State[9] = 00000000
At time 85000: State[10] = 00000000
At time 85000: State[11] = 00000000
At time 85000: State[12] = 00000000
At time 85000: State[13] = 00000000
At time 85000: State[14] = 00000000
At time 85000: State[15] = 00000000
At time 85000: State[16] = 00000000
At time 85000: State[17] = 00000000
At time 85000: State[18] = 00000000
At time 85000: State[19] = 00000000
At time 85000: State[20] = 00000000
At time 85000: State[21] = 00000000
At time 85000: State[22] = 00000000
At time 85000: State[23] = 00000000
At time 85000: State[24] = 00000000
At time 85000: State[25] = 00000000
At time 85000: State[26] = 00000000
At time 85000: State[27] = 00000000
At time 85000: State[28] = 00000000
At time 85000: State[29] = 00000000
At time 85000: State[30] = 00000000
At time 85000: State[31] = 00000000
At time 95000: State[0] = 1234fadc
At time 95000: State[1] = 891a7d6e
At time 95000: State[2] = 448d3eb7
At time 95000: State[3] = 22469f5b
At time 95000: State[4] = 91234fad
At time 95000: State[5] = 4891a7d6
At time 95000: State[6] = a448d3eb
At time 95000: State[7] = f22469f5
At time 95000: State[8] = 011234fa
At time 95000: State[9] = 00000000
At time 95000: State[10] = 00000000
At time 95000: State[11] = 00000000
At time 95000: State[12] = 00000000
At time 95000: State[13] = 00000000
At time 95000: State[14] = 00000000
At time 95000: State[15] = 00000000
At time 95000: State[16] = 00000000
At time 95000: State[17] = 00000000
At time 95000: State[18] = 00000000
At time 95000: State[19] = 00000000
At time 95000: State[20] = 00000000
At time 95000: State[21] = 00000000
At time 95000: State[22] = 00000000
At time 95000: State[23] = 00000000
At time 95000: State[24] = 00000000
At time 95000: State[25] = 00000000
At time 95000: State[26] = 00000000
At time 95000: State[27] = 00000000
At time 95000: State[28] = 00000000
At time 95000: State[29] = 00000000
At time 95000: State[30] = 00000000
At time 95000: State[31] = 00000000
At time 105000: State[0] = 1234fadc
At time 105000: State[1] = 891a7d6e
At time 105000: State[2] = 448d3eb7
At time 105000: State[3] = 22469f5b
At time 105000: State[4] = 91234fad
At time 105000: State[5] = 4891a7d6
At time 105000: State[6] = 2448d3eb
At time 105000: State[7] = 522469f5
At time 105000: State[8] = 791234fa
At time 105000: State[9] = 00891a7d
At time 105000: State[10] = 00000000
At time 105000: State[11] = 00000000
At time 105000: State[12] = 00000000
At time 105000: State[13] = 00000000
At time 105000: State[14] = 00000000
At time 105000: State[15] = 00000000
At time 105000: State[16] = 00000000
At time 105000: State[17] = 00000000
At time 105000: State[18] = 00000000
At time 105000: State[19] = 00000000
At time 105000: State[20] = 00000000
At time 105000: State[21] = 00000000
At time 105000: State[22] = 00000000
At time 105000: State[23] = 00000000
At time 105000: State[24] = 00000000
At time 105000: State[25] = 00000000
At time 105000: State[26] = 00000000
At time 105000: State[27] = 00000000
At time 105000: State[28] = 00000000
At time 105000: State[29] = 00000000
At time 105000: State[30] = 00000000
At time 105000: State[31] = 00000000
At time 115000: State[0] = 1234fadc
At time 115000: State[1] = 891a7d6e
At time 115000: State[2] = 448d3eb7
At time 115000: State[3] = 22469f5b
At time 115000: State[4] = 91234fad
At time 115000: State[5] = 4891a7d6
At time 115000: State[6] = 2448d3eb
At time 115000: State[7] = 922469f5
At time 115000: State[8] = a91234fa
At time 115000: State[9] = 3c891a7d
At time 115000: State[10] = 00448d3e
At time 115000: State[11] = 00000000
At time 115000: State[12] = 00000000
At time 115000: State[13] = 00000000
At time 115000: State[14] = 00000000
At time 115000: State[15] = 00000000
At time 115000: State[16] = 00000000
At time 115000: State[17] = 00000000
At time 115000: State[18] = 00000000
At time 115000: State[19] = 00000000
At time 115000: State[20] = 00000000
At time 115000: State[21] = 00000000
At time 115000: State[22] = 00000000
At time 115000: State[23] = 00000000
At time 115000: State[24] = 00000000
At time 115000: State[25] = 00000000
At time 115000: State[26] = 00000000
At time 115000: State[27] = 00000000
At time 115000: State[28] = 00000000
At time 115000: State[29] = 00000000
At time 115000: State[30] = 00000000
At time 115000: State[31] = 00000000
At time 125000: State[0] = 1234fadc
At time 125000: State[1] = 891a7d6e
At time 125000: State[2] = 448d3eb7
At time 125000: State[3] = 22469f5b
At time 125000: State[4] = 91234fad
At time 125000: State[5] = 4891a7d6
At time 125000: State[6] = 2448d3eb
At time 125000: State[7] = 122469f5
At time 125000: State[8] = c91234fa
At time 125000: State[9] = d4891a7d
At time 125000: State[10] = 9e448d3e
At time 125000: State[11] = 0022469f
At time 125000: State[12] = 00000000
At time 125000: State[13] = 00000000
At time 125000: State[14] = 00000000
At time 125000: State[15] = 00000000
At time 125000: State[16] = 00000000
At time 125000: State[17] = 00000000
At time 125000: State[18] = 00000000
At time 125000: State[19] = 00000000
At time 125000: State[20] = 00000000
At time 125000: State[21] = 00000000
At time 125000: State[22] = 00000000
At time 125000: State[23] = 00000000
At time 125000: State[24] = 00000000
At time 125000: State[25] = 00000000
At time 125000: State[26] = 00000000
At time 125000: State[27] = 00000000
At time 125000: State[28] = 00000000
At time 125000: State[29] = 00000000
At time 125000: State[30] = 00000000
At time 125000: State[31] = 00000000
At time 135000: State[0] = 1234fadc
At time 135000: State[1] = 891a7d6e
At time 135000: State[2] = 448d3eb7
At time 135000: State[3] = 22469f5b
At time 135000: State[4] = 91234fad
At time 135000: State[5] = 4891a7d6
At time 135000: State[6] = 2448d3eb
At time 135000: State[7] = 122469f5
At time 135000: State[8] = 891234fa
At time 135000: State[9] = e4891a7d
At time 135000: State[10] = ea448d3e
At time 135000: State[11] = 4f22469f
At time 135000: State[12] = 0011234f
At time 135000: State[13] = 00000000
At time 135000: State[14] = 00000000
At time 135000: State[15] = 00000000
At time 135000: State[16] = 00000000
At time 135000: State[17] = 00000000
At time 135000: State[18] = 00000000
At time 135000: State[19] = 00000000
At time 135000: State[20] = 00000000
At time 135000: State[21] = 00000000
At time 135000: State[22] = 00000000
At time 135000: State[23] = 00000000
At time 135000: State[24] = 00000000
At time 135000: State[25] = 00000000
At time 135000: State[26] = 00000000
At time 135000: State[27] = 00000000
At time 135000: State[28] = 00000000
At time 135000: State[29] = 00000000
At time 135000: State[30] = 00000000
At time 135000: State[31] = 00000000
At time 145000: State[0] = 1234fadc
At time 145000: State[1] = 891a7d6e
At time 145000: State[2] = 448d3eb7
At time 145000: State[3] = 22469f5b
At time 145000: State[4] = 91234fad
At time 145000: State[5] = 4891a7d6
At time 145000: State[6] = 2448d3eb
At time 145000: State[7] = 122469f5
At time 145000: State[8] = 091234fa
At time 145000: State[9] = c4891a7d
At time 145000: State[10] = f2448d3e
At time 145000: State[11] = f522469f
At time 145000: State[12] = a791234f
At time 145000: State[13] = 000891a7
At time 145000: State[14] = 00000000
At time 145000: State[15] = 00000000
At time 145000: State[16] = 00000000
At time 145000: State[17] = 00000000
At time 145000: State[18] = 00000000
At time 145000: State[19] = 00000000
At time 145000: State[20] = 00000000
At time 145000: State[21] = 00000000
At time 145000: State[22] = 00000000
At time 145000: State[23] = 00000000
At time 145000: State[24] = 00000000
At time 145000: State[25] = 00000000
At time 145000: State[26] = 00000000
At time 145000: State[27] = 00000000
At time 145000: State[28] = 00000000
At time 145000: State[29] = 00000000
At time 145000: State[30] = 00000000
At time 145000: State[31] = 00000000
At time 155000: State[0] = 1234fadc
At time 155000: State[1] = 891a7d6e
At time 155000: State[2] = 448d3eb7
At time 155000: State[3] = 22469f5b
At time 155000: State[4] = 91234fad
At time 155000: State[5] = 4891a7d6
At time 155000: State[6] = 2448d3eb
At time 155000: State[7] = 122469f5
At time 155000: State[8] = 091234fa
At time 155000: State[9] = 04891a7d
At time 155000: State[10] = 62448d3e
At time 155000: State[11] = f922469f
At time 155000: State[12] = 7a91234f
At time 155000: State[13] = d3c891a7
At time 155000: State[14] = 000448d3
At time 155000: State[15] = 00000000
At time 155000: State[16] = 00000000
At time 155000: State[17] = 00000000
At time 155000: State[18] = 00000000
At time 155000: State[19] = 00000000
At time 155000: State[20] = 00000000
At time 155000: State[21] = 00000000
At time 155000: State[22] = 00000000
At time 155000: State[23] = 00000000
At time 155000: State[24] = 00000000
At time 155000: State[25] = 00000000
At time 155000: State[26] = 00000000
At time 155000: State[27] = 00000000
At time 155000: State[28] = 00000000
At time 155000: State[29] = 00000000
At time 155000: State[30] = 00000000
At time 155000: State[31] = 00000000
At time 165000: State[0] = 1234fadc
At time 165000: State[1] = 891a7d6e
At time 165000: State[2] = 448d3eb7
At time 165000: State[3] = 22469f5b
At time 165000: State[4] = 91234fad
At time 165000: State[5] = 4891a7d6
At time 165000: State[6] = 2448d3eb
At time 165000: State[7] = 122469f5
At time 165000: State[8] = 091234fa
At time 165000: State[9] = 84891a7d
At time 165000: State[10] = 82448d3e
At time 165000: State[11] = 3122469f
At time 165000: State[12] = 7c91234f
At time 165000: State[13] = 3d4891a7
At time 165000: State[14] = e9e448d3
At time 165000: State[15] = 00022469
At time 165000: State[16] = 00000000
At time 165000: State[17] = 00000000
At time 165000: State[18] = 00000000
At time 165000: State[19] = 00000000
At time 165000: State[20] = 00000000
At time 165000: State[21] = 00000000
At time 165000: State[22] = 00000000
At time 165000: State[23] = 00000000
At time 165000: State[24] = 00000000
At time 165000: State[25] = 00000000
At time 165000: State[26] = 00000000
At time 165000: State[27] = 00000000
At time 165000: State[28] = 00000000
At time 165000: State[29] = 00000000
At time 165000: State[30] = 00000000
At time 165000: State[31] = 00000000
At time 175000: State[0] = 1234fadc
At time 175000: State[1] = 891a7d6e
At time 175000: State[2] = 448d3eb7
At time 175000: State[3] = 22469f5b
At time 175000: State[4] = 91234fad
At time 175000: State[5] = 4891a7d6
At time 175000: State[6] = 2448d3eb
At time 175000: State[7] = 122469f5
At time 175000: State[8] = 091234fa
At time 175000: State[9] = 84891a7d
At time 175000: State[10] = c2448d3e
At time 175000: State[11] = c122469f
At time 175000: State[12] = 9891234f
At time 175000: State[13] = be4891a7
At time 175000: State[14] = 1ea448d3
At time 175000: State[15] = f4f22469
At time 175000: State[16] = 00011234
At time 175000: State[17] = 00000000
At time 175000: State[18] = 00000000
At time 175000: State[19] = 00000000
At time 175000: State[20] = 00000000
At time 175000: State[21] = 00000000
At time 175000: State[22] = 00000000
At time 175000: State[23] = 00000000
At time 175000: State[24] = 00000000
At time 175000: State[25] = 00000000
At time 175000: State[26] = 00000000
At time 175000: State[27] = 00000000
At time 175000: State[28] = 00000000
At time 175000: State[29] = 00000000
At time 175000: State[30] = 00000000
At time 175000: State[31] = 00000000
At time 185000: State[0] = 1234fadc
At time 185000: State[1] = 891a7d6e
At time 185000: State[2] = 448d3eb7
At time 185000: State[3] = 22469f5b
At time 185000: State[4] = 91234fad
At time 185000: State[5] = 4891a7d6
At time 185000: State[6] = 2448d3eb
At time 185000: State[7] = 122469f5
At time 185000: State[8] = 091234fa
At time 185000: State[9] = 84891a7d
At time 185000: State[10] = 42448d3e
At time 185000: State[11] = 6122469f
At time 185000: State[12] = 6091234f
At time 185000: State[13] = 4c4891a7
At time 185000: State[14] = df2448d3
At time 185000: State[15] = 8f522469
At time 185000: State[16] = fa791234
At time 185000: State[17] = 0000891a
At time 185000: State[18] = 00000000
At time 185000: State[19] = 00000000
At time 185000: State[20] = 00000000
At time 185000: State[21] = 00000000
At time 185000: State[22] = 00000000
At time 185000: State[23] = 00000000
At time 185000: State[24] = 00000000
At time 185000: State[25] = 00000000
At time 185000: State[26] = 00000000
At time 185000: State[27] = 00000000
At time 185000: State[28] = 00000000
At time 185000: State[29] = 00000000
At time 185000: State[30] = 00000000
At time 185000: State[31] = 00000000
At time 195000: State[0] = 1234fadc
At time 195000: State[1] = 891a7d6e
At time 195000: State[2] = 448d3eb7
At time 195000: State[3] = 22469f5b
At time 195000: State[4] = 91234fad
At time 195000: State[5] = 4891a7d6
At time 195000: State[6] = 2448d3eb
At time 195000: State[7] = 122469f5
At time 195000: State[8] = 091234fa
At time 195000: State[9] = 84891a7d
At time 195000: State[10] = 42448d3e
At time 195000: State[11] = a122469f
At time 195000: State[12] = b091234f
At time 195000: State[13] = b04891a7
At time 195000: State[14] = a62448d3
At time 195000: State[15] = ef922469
At time 195000: State[16] = 47a91234
At time 195000: State[17] = 7d3c891a
At time 195000: State[18] = 0000448d
At time 195000: State[19] = 00000000
At time 195000: State[20] = 00000000
At time 195000: State[21] = 00000000
At time 195000: State[22] = 00000000
At time 195000: State[23] = 00000000
At time 195000: State[24] = 00000000
At time 195000: State[25] = 00000000
At time 195000: State[26] = 00000000
At time 195000: State[27] = 00000000
At time 195000: State[28] = 00000000
At time 195000: State[29] = 00000000
At time 195000: State[30] = 00000000
At time 195000: State[31] = 00000000
At time 205000: State[0] = 1234fadc
At time 205000: State[1] = 891a7d6e
At time 205000: State[2] = 448d3eb7
At time 205000: State[3] = 22469f5b
At time 205000: State[4] = 91234fad
At time 205000: State[5] = 4891a7d6
At time 205000: State[6] = 2448d3eb
At time 205000: State[7] = 122469f5
At time 205000: State[8] = 091234fa
At time 205000: State[9] = 84891a7d
At time 205000: State[10] = 42448d3e
At time 205000: State[11] = 2122469f
At time 205000: State[12] = d091234f
At time 205000: State[13] = d84891a7
At time 205000: State[14] = d82448d3
At time 205000: State[15] = d3122469
At time 205000: State[16] = 77c91234
At time 205000: State[17] = a3d4891a
At time 205000: State[18] = 3e9e448d
At time 205000: State[19] = 00002246
At time 205000: State[20] = 00000000
At time 205000: State[21] = 00000000
At time 205000: State[22] = 00000000
At time 205000: State[23] = 00000000
At time 205000: State[24] = 00000000
At time 205000: State[25] = 00000000
At time 205000: State[26] = 00000000
At time 205000: State[27] = 00000000
At time 205000: State[28] = 00000000
At time 205000: State[29] = 00000000
At time 205000: State[30] = 00000000
At time 205000: State[31] = 00000000
At time 215000: State[0] = 1234fadc
At time 215000: State[1] = 891a7d6e
At time 215000: State[2] = 448d3eb7
At time 215000: State[3] = 22469f5b
At time 215000: State[4] = 91234fad
At time 215000: State[5] = 4891a7d6
At time 215000: State[6] = 2448d3eb
At time 215000: State[7] = 122469f5
At time 215000: State[8] = 091234fa
At time 215000: State[9] = 84891a7d
At time 215000: State[10] = 42448d3e
At time 215000: State[11] = 2122469f
At time 215000: State[12] = 9091234f
At time 215000: State[13] = e84891a7
At time 215000: State[14] = ec2448d3
At time 215000: State[15] = 6c122469
At time 215000: State[16] = 69891234
At time 215000: State[17] = 3be4891a
At time 215000: State[18] = d1ea448d
At time 215000: State[19] = 9f4f2246
At time 215000: State[20] = 00001123
At time 215000: State[21] = 00000000
At time 215000: State[22] = 00000000
At time 215000: State[23] = 00000000
At time 215000: State[24] = 00000000
At time 215000: State[25] = 00000000
At time 215000: State[26] = 00000000
At time 215000: State[27] = 00000000
At time 215000: State[28] = 00000000
At time 215000: State[29] = 00000000
At time 215000: State[30] = 00000000
At time 215000: State[31] = 00000000
At time 225000: State[0] = 1234fadc
At time 225000: State[1] = 891a7d6e
At time 225000: State[2] = 448d3eb7
At time 225000: State[3] = 22469f5b
At time 225000: State[4] = 91234fad
At time 225000: State[5] = 4891a7d6
At time 225000: State[6] = 2448d3eb
At time 225000: State[7] = 122469f5
At time 225000: State[8] = 091234fa
At time 225000: State[9] = 84891a7d
At time 225000: State[10] = 42448d3e
At time 225000: State[11] = 2122469f
At time 225000: State[12] = 1091234f
At time 225000: State[13] = c84891a7
At time 225000: State[14] = 742448d3
At time 225000: State[15] = 76122469
At time 225000: State[16] = 36091234
At time 225000: State[17] = b4c4891a
At time 225000: State[18] = 9df2448d
At time 225000: State[19] = 68f52246
At time 225000: State[20] = 4fa79123
At time 225000: State[21] = 00000891
At time 225000: State[22] = 00000000
At time 225000: State[23] = 00000000
At time 225000: State[24] = 00000000
At time 225000: State[25] = 00000000
At time 225000: State[26] = 00000000
At time 225000: State[27] = 00000000
At time 225000: State[28] = 00000000
At time 225000: State[29] = 00000000
At time 225000: State[30] = 00000000
At time 225000: State[31] = 00000000
At time 235000: State[0] = 1234fadc
At time 235000: State[1] = 891a7d6e
At time 235000: State[2] = 448d3eb7
At time 235000: State[3] = 22469f5b
At time 235000: State[4] = 91234fad
At time 235000: State[5] = 4891a7d6
At time 235000: State[6] = 2448d3eb
At time 235000: State[7] = 122469f5
At time 235000: State[8] = 091234fa
At time 235000: State[9] = 84891a7d
At time 235000: State[10] = 42448d3e
At time 235000: State[11] = 2122469f
At time 235000: State[12] = 1091234f
At time 235000: State[13] = 084891a7
At time 235000: State[14] = e42448d3
At time 235000: State[15] = ba122469
At time 235000: State[16] = 3b091234
At time 235000: State[17] = 9b04891a
At time 235000: State[18] = da62448d
At time 235000: State[19] = cef92246
At time 235000: State[20] = b47a9123
At time 235000: State[21] = a7d3c891
At time 235000: State[22] = 00000448
At time 235000: State[23] = 00000000
At time 235000: State[24] = 00000000
At time 235000: State[25] = 00000000
At time 235000: State[26] = 00000000
At time 235000: State[27] = 00000000
At time 235000: State[28] = 00000000
At time 235000: State[29] = 00000000
At time 235000: State[30] = 00000000
At time 235000: State[31] = 00000000
At time 245000: State[0] = 1234fadc
At time 245000: State[1] = 891a7d6e
At time 245000: State[2] = 448d3eb7
At time 245000: State[3] = 22469f5b
At time 245000: State[4] = 91234fad
At time 245000: State[5] = 4891a7d6
At time 245000: State[6] = 2448d3eb
At time 245000: State[7] = 122469f5
At time 245000: State[8] = 091234fa
At time 245000: State[9] = 84891a7d
At time 245000: State[10] = 42448d3e
At time 245000: State[11] = 2122469f
At time 245000: State[12] = 1091234f
At time 245000: State[13] = 884891a7
At time 245000: State[14] = 042448d3
At time 245000: State[15] = f2122469
At time 245000: State[16] = 5d091234
At time 245000: State[17] = 1d84891a
At time 245000: State[18] = 4d82448d
At time 245000: State[19] = ed312246
At time 245000: State[20] = e77c9123
At time 245000: State[21] = 5a3d4891
At time 245000: State[22] = d3e9e448
At time 245000: State[23] = 00000224
At time 245000: State[24] = 00000000
At time 245000: State[25] = 00000000
At time 245000: State[26] = 00000000
At time 245000: State[27] = 00000000
At time 245000: State[28] = 00000000
At time 245000: State[29] = 00000000
At time 245000: State[30] = 00000000
At time 245000: State[31] = 00000000
At time 255000: State[0] = 1234fadc
At time 255000: State[1] = 891a7d6e
At time 255000: State[2] = 448d3eb7
At time 255000: State[3] = 22469f5b
At time 255000: State[4] = 91234fad
At time 255000: State[5] = 4891a7d6
At time 255000: State[6] = 2448d3eb
At time 255000: State[7] = 122469f5
At time 255000: State[8] = 091234fa
At time 255000: State[9] = 84891a7d
At time 255000: State[10] = 42448d3e
At time 255000: State[11] = 2122469f
At time 255000: State[12] = 1091234f
At time 255000: State[13] = 884891a7
At time 255000: State[14] = 442448d3
At time 255000: State[15] = 02122469
At time 255000: State[16] = f9091234
At time 255000: State[17] = ae84891a
At time 255000: State[18] = 8ec2448d
At time 255000: State[19] = a6c12246
At time 255000: State[20] = 76989123
At time 255000: State[21] = f3be4891
At time 255000: State[22] = 2d1ea448
At time 255000: State[23] = 69f4f224
At time 255000: State[24] = 00000112
At time 255000: State[25] = 00000000
At time 255000: State[26] = 00000000
At time 255000: State[27] = 00000000
At time 255000: State[28] = 00000000
At time 255000: State[29] = 00000000
At time 255000: State[30] = 00000000
At time 255000: State[31] = 00000000
At time 265000: State[0] = 1234fadc
At time 265000: State[1] = 891a7d6e
At time 265000: State[2] = 448d3eb7
At time 265000: State[3] = 22469f5b
At time 265000: State[4] = 91234fad
At time 265000: State[5] = 4891a7d6
At time 265000: State[6] = 2448d3eb
At time 265000: State[7] = 122469f5
At time 265000: State[8] = 091234fa
At time 265000: State[9] = 84891a7d
At time 265000: State[10] = 42448d3e
At time 265000: State[11] = 2122469f
At time 265000: State[12] = 1091234f
At time 265000: State[13] = 884891a7
At time 265000: State[14] = c42448d3
At time 265000: State[15] = a2122469
At time 265000: State[16] = 81091234
At time 265000: State[17] = 7c84891a
At time 265000: State[18] = d742448d
At time 265000: State[19] = c7612246
At time 265000: State[20] = 53609123
At time 265000: State[21] = bb4c4891
At time 265000: State[22] = 79df2448
At time 265000: State[23] = 968f5224
At time 265000: State[24] = 34fa7912
At time 265000: State[25] = 00000089
At time 265000: State[26] = 00000000
At time 265000: State[27] = 00000000
At time 265000: State[28] = 00000000
At time 265000: State[29] = 00000000
At time 265000: State[30] = 00000000
At time 265000: State[31] = 00000000
At time 275000: State[0] = 1234fadc
At time 275000: State[1] = 891a7d6e
At time 275000: State[2] = 448d3eb7
At time 275000: State[3] = 22469f5b
At time 275000: State[4] = 91234fad
At time 275000: State[5] = 4891a7d6
At time 275000: State[6] = 2448d3eb
At time 275000: State[7] = 122469f5
At time 275000: State[8] = 091234fa
At time 275000: State[9] = 84891a7d
At time 275000: State[10] = 42448d3e
At time 275000: State[11] = 2122469f
At time 275000: State[12] = 1091234f
At time 275000: State[13] = 884891a7
At time 275000: State[14] = c42448d3
At time 275000: State[15] = 62122469
At time 275000: State[16] = 51091234
At time 275000: State[17] = 4084891a
At time 275000: State[18] = 3e42448d
At time 275000: State[19] = 6ba12246
At time 275000: State[20] = e3b09123
At time 275000: State[21] = 29b04891
At time 275000: State[22] = dda62448
At time 275000: State[23] = 3cef9224
At time 275000: State[24] = cb47a912
At time 275000: State[25] = 1a7d3c89
At time 275000: State[26] = 00000044
At time 275000: State[27] = 00000000
At time 275000: State[28] = 00000000
At time 275000: State[29] = 00000000
At time 275000: State[30] = 00000000
At time 275000: State[31] = 00000000
At time 285000: State[0] = 1234fadc
At time 285000: State[1] = 891a7d6e
At time 285000: State[2] = 448d3eb7
At time 285000: State[3] = 22469f5b
At time 285000: State[4] = 91234fad
At time 285000: State[5] = 4891a7d6
At time 285000: State[6] = 2448d3eb
At time 285000: State[7] = 122469f5
At time 285000: State[8] = 091234fa
At time 285000: State[9] = 84891a7d
At time 285000: State[10] = 42448d3e
At time 285000: State[11] = 2122469f
At time 285000: State[12] = 1091234f
At time 285000: State[13] = 884891a7
At time 285000: State[14] = c42448d3
At time 285000: State[15] = e2122469
At time 285000: State[16] = 31091234
At time 285000: State[17] = a884891a
At time 285000: State[18] = a042448d
At time 285000: State[19] = 1f212246
At time 285000: State[20] = b5d09123
At time 285000: State[21] = f1d84891
At time 285000: State[22] = 94d82448
At time 285000: State[23] = eed31224
At time 285000: State[24] = 1e77c912
At time 285000: State[25] = e5a3d489
At time 285000: State[26] = 8d3e9e44
At time 285000: State[27] = 00000022
At time 285000: State[28] = 00000000
At time 285000: State[29] = 00000000
At time 285000: State[30] = 00000000
At time 285000: State[31] = 00000000
At time 295000: State[0] = 1234fadc
At time 295000: State[1] = 891a7d6e
At time 295000: State[2] = 448d3eb7
At time 295000: State[3] = 22469f5b
At time 295000: State[4] = 91234fad
At time 295000: State[5] = 4891a7d6
At time 295000: State[6] = 2448d3eb
At time 295000: State[7] = 122469f5
At time 295000: State[8] = 091234fa
At time 295000: State[9] = 84891a7d
At time 295000: State[10] = 42448d3e
At time 295000: State[11] = 2122469f
At time 295000: State[12] = 1091234f
At time 295000: State[13] = 884891a7
At time 295000: State[14] = c42448d3
At time 295000: State[15] = e2122469
At time 295000: State[16] = 71091234
At time 295000: State[17] = 9884891a
At time 295000: State[18] = d442448d
At time 295000: State[19] = 50212246
At time 295000: State[20] = 0f909123
At time 295000: State[21] = dae84891
At time 295000: State[22] = f8ec2448
At time 295000: State[23] = ca6c1224
At time 295000: State[24] = 77698912
At time 295000: State[25] = 0f3be489
At time 295000: State[26] = f2d1ea44
At time 295000: State[27] = 469f4f22
At time 295000: State[28] = 00000011
At time 295000: State[29] = 00000000
At time 295000: State[30] = 00000000
At time 295000: State[31] = 00000000
At time 305000: State[0] = 1234fadc
At time 305000: State[1] = 891a7d6e
At time 305000: State[2] = 448d3eb7
At time 305000: State[3] = 22469f5b
At time 305000: State[4] = 91234fad
At time 305000: State[5] = 4891a7d6
At time 305000: State[6] = 2448d3eb
At time 305000: State[7] = 122469f5
At time 305000: State[8] = 091234fa
At time 305000: State[9] = 84891a7d
At time 305000: State[10] = 42448d3e
At time 305000: State[11] = 2122469f
At time 305000: State[12] = 1091234f
At time 305000: State[13] = 884891a7
At time 305000: State[14] = c42448d3
At time 305000: State[15] = e2122469
At time 305000: State[16] = f1091234
At time 305000: State[17] = b884891a
At time 305000: State[18] = cc42448d
At time 305000: State[19] = ea212246
At time 305000: State[20] = 28109123
At time 305000: State[21] = 87c84891
At time 305000: State[22] = 6d742448
At time 305000: State[23] = fc761224
At time 305000: State[24] = e5360912
At time 305000: State[25] = 3bb4c489
At time 305000: State[26] = 079df244
At time 305000: State[27] = 7968f522
At time 305000: State[28] = 234fa791
At time 305000: State[29] = 00000008
At time 305000: State[30] = 00000000
At time 305000: State[31] = 00000000
At time 315000: State[0] = 1234fadc
At time 315000: State[1] = 891a7d6e
At time 315000: State[2] = 448d3eb7
At time 315000: State[3] = 22469f5b
At time 315000: State[4] = 91234fad
At time 315000: State[5] = 4891a7d6
At time 315000: State[6] = 2448d3eb
At time 315000: State[7] = 122469f5
At time 315000: State[8] = 091234fa
At time 315000: State[9] = 84891a7d
At time 315000: State[10] = 42448d3e
At time 315000: State[11] = 2122469f
At time 315000: State[12] = 1091234f
At time 315000: State[13] = 884891a7
At time 315000: State[14] = c42448d3
At time 315000: State[15] = e2122469
At time 315000: State[16] = f1091234
At time 315000: State[17] = 7884891a
At time 315000: State[18] = 5c42448d
At time 315000: State[19] = e6212246
At time 315000: State[20] = f5109123
At time 315000: State[21] = 94084891
At time 315000: State[22] = c3e42448
At time 315000: State[23] = 36ba1224
At time 315000: State[24] = 7e3b0912
At time 315000: State[25] = f29b0489
At time 315000: State[26] = 9dda6244
At time 315000: State[27] = 03cef922
At time 315000: State[28] = 3cb47a91
At time 315000: State[29] = 91a7d3c8
At time 315000: State[30] = 00000004
At time 315000: State[31] = 00000000
At time 325000: State[0] = 1234fadc
At time 325000: State[1] = 891a7d6e
At time 325000: State[2] = 448d3eb7
At time 325000: State[3] = 22469f5b
At time 325000: State[4] = 91234fad
At time 325000: State[5] = 4891a7d6
At time 325000: State[6] = 2448d3eb
At time 325000: State[7] = 122469f5
At time 325000: State[8] = 091234fa
At time 325000: State[9] = 84891a7d
At time 325000: State[10] = 42448d3e
At time 325000: State[11] = 2122469f
At time 325000: State[12] = 1091234f
At time 325000: State[13] = 884891a7
At time 325000: State[14] = c42448d3
At time 325000: State[15] = e2122469
At time 325000: State[16] = f1091234
At time 325000: State[17] = f884891a
At time 325000: State[18] = bc42448d
At time 325000: State[19] = 2e212246
At time 325000: State[20] = f3109123
At time 325000: State[21] = fa884891
At time 325000: State[22] = ca042448
At time 325000: State[23] = e1f21224
At time 325000: State[24] = 1b5d0912
At time 325000: State[25] = bf1d8489
At time 325000: State[26] = 794d8244
At time 325000: State[27] = ceed3122
At time 325000: State[28] = 81e77c91
At time 325000: State[29] = 9e5a3d48
At time 325000: State[30] = 48d3e9e4
At time 325000: State[31] = 00000002
At time 335000: State[0] = 1234fadc
At time 335000: State[1] = 891a7d6e
At time 335000: State[2] = 448d3eb7
At time 335000: State[3] = 22469f5b
At time 335000: State[4] = 91234fad
At time 335000: State[5] = 4891a7d6
At time 335000: State[6] = 2448d3eb
At time 335000: State[7] = 122469f5
At time 335000: State[8] = 091234fa
At time 335000: State[9] = 84891a7d
At time 335000: State[10] = 42448d3e
At time 335000: State[11] = 2122469f
At time 335000: State[12] = 1091234f
At time 335000: State[13] = 884891a7
At time 335000: State[14] = c42448d3
At time 335000: State[15] = e2122469
At time 335000: State[16] = f1091234
At time 335000: State[17] = f884891a
At time 335000: State[18] = fc42448d
At time 335000: State[19] = de212246
At time 335000: State[20] = 17109123
At time 335000: State[21] = 79884891
At time 335000: State[22] = 7d442448
At time 335000: State[23] = e5021224
At time 335000: State[24] = 70f90912
At time 335000: State[25] = 0dae8489
At time 335000: State[26] = df8ec244
At time 335000: State[27] = 3ca6c122
At time 335000: State[28] = e7769891
At time 335000: State[29] = c0f3be48
At time 335000: State[30] = cf2d1ea4
At time 335000: State[31] = 2469f4f2
At time 335000: LFSR Output = 00000001
At time 345000: State[0] = 1234fadc
At time 345000: State[1] = 891a7d6e
At time 345000: State[2] = 448d3eb7
At time 345000: State[3] = 22469f5b
At time 345000: State[4] = 91234fad
At time 345000: State[5] = 4891a7d6
At time 345000: State[6] = 2448d3eb
At time 345000: State[7] = 122469f5
At time 345000: State[8] = 091234fa
At time 345000: State[9] = 84891a7d
At time 345000: State[10] = 42448d3e
At time 345000: State[11] = 2122469f
At time 345000: State[12] = 1091234f
At time 345000: State[13] = 884891a7
At time 345000: State[14] = c42448d3
At time 345000: State[15] = e2122469
At time 345000: State[16] = f1091234
At time 345000: State[17] = f884891a
At time 345000: State[18] = 7c42448d
At time 345000: State[19] = 7e212246
At time 345000: State[20] = ef109123
At time 345000: State[21] = 8b884891
At time 345000: State[22] = 3cc42448
At time 345000: State[23] = 3ea21224
At time 345000: State[24] = f2810912
At time 345000: State[25] = 387c8489
At time 345000: State[26] = 86d74244
At time 345000: State[27] = efc76122
At time 345000: State[28] = 1e536091
At time 345000: State[29] = 73bb4c48
At time 345000: State[30] = e079df24
At time 345000: State[31] = 67968f52
At time 345000: LFSR Output = 1234fa79
At time 355000: State[0] = 1234fadc
At time 355000: State[1] = 891a7d6e
At time 355000: State[2] = 448d3eb7
At time 355000: State[3] = 22469f5b
At time 355000: State[4] = 91234fad
At time 355000: State[5] = 4891a7d6
At time 355000: State[6] = 2448d3eb
At time 355000: State[7] = 122469f5
At time 355000: State[8] = 091234fa
At time 355000: State[9] = 84891a7d
At time 355000: State[10] = 42448d3e
At time 355000: State[11] = 2122469f
At time 355000: State[12] = 1091234f
At time 355000: State[13] = 884891a7
At time 355000: State[14] = c42448d3
At time 355000: State[15] = e2122469
At time 355000: State[16] = f1091234
At time 355000: State[17] = f884891a
At time 355000: State[18] = 7c42448d
At time 355000: State[19] = be212246
At time 355000: State[20] = 3f109123
At time 355000: State[21] = 77884891
At time 355000: State[22] = 45c42448
At time 355000: State[23] = 9e621224
At time 355000: State[24] = 9f510912
At time 355000: State[25] = 79408489
At time 355000: State[26] = 1c3e4244
At time 355000: State[27] = 436ba122
At time 355000: State[28] = 77e3b091
At time 355000: State[29] = 8f29b048
At time 355000: State[30] = 39dda624
At time 355000: State[31] = 703cef92
At time 355000: LFSR Output = b3cb47a9
At time 365000: State[0] = 1234fadc
At time 365000: State[1] = 891a7d6e
At time 365000: State[2] = 448d3eb7
At time 365000: State[3] = 22469f5b
At time 365000: State[4] = 91234fad
At time 365000: State[5] = 4891a7d6
At time 365000: State[6] = 2448d3eb
At time 365000: State[7] = 122469f5
At time 365000: State[8] = 091234fa
At time 365000: State[9] = 84891a7d
At time 365000: State[10] = 42448d3e
At time 365000: State[11] = 2122469f
At time 365000: State[12] = 1091234f
At time 365000: State[13] = 884891a7
At time 365000: State[14] = c42448d3
At time 365000: State[15] = e2122469
At time 365000: State[16] = f1091234
At time 365000: State[17] = f884891a
At time 365000: State[18] = 7c42448d
At time 365000: State[19] = 3e212246
At time 365000: State[20] = 5f109123
At time 365000: State[21] = 1f884891
At time 365000: State[22] = 3bc42448
At time 365000: State[23] = 22e21224
At time 365000: State[24] = cf310912
At time 365000: State[25] = 4fa88489
At time 365000: State[26] = bca04244
At time 365000: State[27] = 0e1f2122
At time 365000: State[28] = a1b5d091
At time 365000: State[29] = bbf1d848
At time 365000: State[30] = c794d824
At time 365000: State[31] = 9ceed312
At time 365000: LFSR Output = b81e77c9
At time 375000: State[0] = 1234fadc
At time 375000: State[1] = 891a7d6e
At time 375000: State[2] = 448d3eb7
At time 375000: State[3] = 22469f5b
At time 375000: State[4] = 91234fad
At time 375000: State[5] = 4891a7d6
At time 375000: State[6] = 2448d3eb
At time 375000: State[7] = 122469f5
At time 375000: State[8] = 091234fa
At time 375000: State[9] = 84891a7d
At time 375000: State[10] = 42448d3e
At time 375000: State[11] = 2122469f
At time 375000: State[12] = 1091234f
At time 375000: State[13] = 884891a7
At time 375000: State[14] = c42448d3
At time 375000: State[15] = e2122469
At time 375000: State[16] = f1091234
At time 375000: State[17] = f884891a
At time 375000: State[18] = 7c42448d
At time 375000: State[19] = 3e212246
At time 375000: State[20] = 1f109123
At time 375000: State[21] = 2f884891
At time 375000: State[22] = 0fc42448
At time 375000: State[23] = 9de21224
At time 375000: State[24] = 91710912
At time 375000: State[25] = e7988489
At time 375000: State[26] = 27d44244
At time 375000: State[27] = de502122
At time 375000: State[28] = 070f9091
At time 375000: State[29] = 50dae848
At time 375000: State[30] = ddf8ec24
At time 375000: State[31] = 63ca6c12
At time 375000: LFSR Output = 4e776989
At time 385000: State[0] = 1234fadc
At time 385000: State[1] = 891a7d6e
At time 385000: State[2] = 448d3eb7
At time 385000: State[3] = 22469f5b
At time 385000: State[4] = 91234fad
At time 385000: State[5] = 4891a7d6
At time 385000: State[6] = 2448d3eb
At time 385000: State[7] = 122469f5
At time 385000: State[8] = 091234fa
At time 385000: State[9] = 84891a7d
At time 385000: State[10] = 42448d3e
At time 385000: State[11] = 2122469f
At time 385000: State[12] = 1091234f
At time 385000: State[13] = 884891a7
At time 385000: State[14] = c42448d3
At time 385000: State[15] = e2122469
At time 385000: State[16] = f1091234
At time 385000: State[17] = f884891a
At time 385000: State[18] = 7c42448d
At time 385000: State[19] = 3e212246
At time 385000: State[20] = 9f109123
At time 385000: State[21] = 0f884891
At time 385000: State[22] = 97c42448
At time 385000: State[23] = 87e21224
At time 385000: State[24] = 4ef10912
At time 385000: State[25] = 48b88489
At time 385000: State[26] = 73cc4244
At time 385000: State[27] = 93ea2122
At time 385000: State[28] = 6f281091
At time 385000: State[29] = 8387c848
At time 385000: State[30] = 286d7424
At time 385000: State[31] = eefc7612
At time 385000: LFSR Output = 31e53609
At time 395000: State[0] = 1234fadc
At time 395000: State[1] = 891a7d6e
At time 395000: State[2] = 448d3eb7
At time 395000: State[3] = 22469f5b
At time 395000: State[4] = 91234fad
At time 395000: State[5] = 4891a7d6
At time 395000: State[6] = 2448d3eb
At time 395000: State[7] = 122469f5
At time 395000: State[8] = 091234fa
At time 395000: State[9] = 84891a7d
At time 395000: State[10] = 42448d3e
At time 395000: State[11] = 2122469f
At time 395000: State[12] = 1091234f
At time 395000: State[13] = 884891a7
At time 395000: State[14] = c42448d3
At time 395000: State[15] = e2122469
At time 395000: State[16] = f1091234
At time 395000: State[17] = f884891a
At time 395000: State[18] = 7c42448d
At time 395000: State[19] = 3e212246
At time 395000: State[20] = 9f109123
At time 395000: State[21] = cf884891
At time 395000: State[22] = 07c42448
At time 395000: State[23] = 4be21224
At time 395000: State[24] = 43f10912
At time 395000: State[25] = a7788489
At time 395000: State[26] = a45c4244
At time 395000: State[27] = 39e62122
At time 395000: State[28] = 49f51091
At time 395000: State[29] = 37940848
At time 395000: State[30] = c1c3e424
At time 395000: State[31] = 9436ba12
At time 395000: LFSR Output = f77e3b09
At time 405000: State[0] = 1234fadc
At time 405000: State[1] = 891a7d6e
At time 405000: State[2] = 448d3eb7
At time 405000: State[3] = 22469f5b
At time 405000: State[4] = 91234fad
At time 405000: State[5] = 4891a7d6
At time 405000: State[6] = 2448d3eb
At time 405000: State[7] = 122469f5
At time 405000: State[8] = 091234fa
At time 405000: State[9] = 84891a7d
At time 405000: State[10] = 42448d3e
At time 405000: State[11] = 2122469f
At time 405000: State[12] = 1091234f
At time 405000: State[13] = 884891a7
At time 405000: State[14] = c42448d3
At time 405000: State[15] = e2122469
At time 405000: State[16] = f1091234
At time 405000: State[17] = f884891a
At time 405000: State[18] = 7c42448d
At time 405000: State[19] = 3e212246
At time 405000: State[20] = 9f109123
At time 405000: State[21] = 4f884891
At time 405000: State[22] = e7c42448
At time 405000: State[23] = 03e21224
At time 405000: State[24] = 25f10912
At time 405000: State[25] = a1f88489
At time 405000: State[26] = d3bc4244
At time 405000: State[27] = d22e2122
At time 405000: State[28] = 1cf31091
At time 405000: State[29] = a4fa8848
At time 405000: State[30] = 1bca0424
At time 405000: State[31] = 60e1f212
At time 405000: LFSR Output = ca1b5d09
At time 415000: State[0] = 1234fadc
At time 415000: State[1] = 891a7d6e
At time 415000: State[2] = 448d3eb7
At time 415000: State[3] = 22469f5b
At time 415000: State[4] = 91234fad
At time 415000: State[5] = 4891a7d6
At time 415000: State[6] = 2448d3eb
At time 415000: State[7] = 122469f5
At time 415000: State[8] = 091234fa
At time 415000: State[9] = 84891a7d
At time 415000: State[10] = 42448d3e
At time 415000: State[11] = 2122469f
At time 415000: State[12] = 1091234f
At time 415000: State[13] = 884891a7
At time 415000: State[14] = c42448d3
At time 415000: State[15] = e2122469
At time 415000: State[16] = f1091234
At time 415000: State[17] = f884891a
At time 415000: State[18] = 7c42448d
At time 415000: State[19] = 3e212246
At time 415000: State[20] = 9f109123
At time 415000: State[21] = 4f884891
At time 415000: State[22] = a7c42448
At time 415000: State[23] = f3e21224
At time 415000: State[24] = 81f10912
At time 415000: State[25] = 12f88489
At time 415000: State[26] = 50fc4244
At time 415000: State[27] = 69de2122
At time 415000: State[28] = 69171091
At time 415000: State[29] = 8e798848
At time 415000: State[30] = 527d4424
At time 415000: State[31] = 0de50212
At time 415000: LFSR Output = b070f909
At time 425000: State[0] = 1234fadc
At time 425000: State[1] = 891a7d6e
At time 425000: State[2] = 448d3eb7
At time 425000: State[3] = 22469f5b
At time 425000: State[4] = 91234fad
At time 425000: State[5] = 4891a7d6
At time 425000: State[6] = 2448d3eb
At time 425000: State[7] = 122469f5
At time 425000: State[8] = 091234fa
At time 425000: State[9] = 84891a7d
At time 425000: State[10] = 42448d3e
At time 425000: State[11] = 2122469f
At time 425000: State[12] = 1091234f
At time 425000: State[13] = 884891a7
At time 425000: State[14] = c42448d3
At time 425000: State[15] = e2122469
At time 425000: State[16] = f1091234
At time 425000: State[17] = f884891a
At time 425000: State[18] = 7c42448d
At time 425000: State[19] = 3e212246
At time 425000: State[20] = 9f109123
At time 425000: State[21] = 4f884891
At time 425000: State[22] = 27c42448
At time 425000: State[23] = 53e21224
At time 425000: State[24] = f9f10912
At time 425000: State[25] = c0f88489
At time 425000: State[26] = 897c4244
At time 425000: State[27] = a87e2122
At time 425000: State[28] = b4ef1091
At time 425000: State[29] = 348b8848
At time 425000: State[30] = 473cc424
At time 425000: State[31] = 293ea212
At time 425000: LFSR Output = 06f28109
At time 435000: State[0] = 1234fadc
At time 435000: State[1] = 891a7d6e
At time 435000: State[2] = 448d3eb7
At time 435000: State[3] = 22469f5b
At time 435000: State[4] = 91234fad
At time 435000: State[5] = 4891a7d6
At time 435000: State[6] = 2448d3eb
At time 435000: State[7] = 122469f5
At time 435000: State[8] = 091234fa
At time 435000: State[9] = 84891a7d
At time 435000: State[10] = 42448d3e
At time 435000: State[11] = 2122469f
At time 435000: State[12] = 1091234f
At time 435000: State[13] = 884891a7
At time 435000: State[14] = c42448d3
At time 435000: State[15] = e2122469
At time 435000: State[16] = f1091234
At time 435000: State[17] = f884891a
At time 435000: State[18] = 7c42448d
At time 435000: State[19] = 3e212246
At time 435000: State[20] = 9f109123
At time 435000: State[21] = 4f884891
At time 435000: State[22] = 27c42448
At time 435000: State[23] = 93e21224
At time 435000: State[24] = 29f10912
At time 435000: State[25] = fcf88489
At time 435000: State[26] = 607c4244
At time 435000: State[27] = c4be2122
At time 435000: State[28] = d43f1091
At time 435000: State[29] = 5a778848
At time 435000: State[30] = 9a45c424
At time 435000: State[31] = 239e6212
At time 435000: LFSR Output = 949f5109
At time 445000: State[0] = 1234fadc
At time 445000: State[1] = 891a7d6e
At time 445000: State[2] = 448d3eb7
At time 445000: State[3] = 22469f5b
At time 445000: State[4] = 91234fad
At time 445000: State[5] = 4891a7d6
At time 445000: State[6] = 2448d3eb
At time 445000: State[7] = 122469f5
At time 445000: State[8] = 091234fa
At time 445000: State[9] = 84891a7d
At time 445000: State[10] = 42448d3e
At time 445000: State[11] = 2122469f
At time 445000: State[12] = 1091234f
At time 445000: State[13] = 884891a7
At time 445000: State[14] = c42448d3
At time 445000: State[15] = e2122469
At time 445000: State[16] = f1091234
At time 445000: State[17] = f884891a
At time 445000: State[18] = 7c42448d
At time 445000: State[19] = 3e212246
At time 445000: State[20] = 9f109123
At time 445000: State[21] = 4f884891
At time 445000: State[22] = 27c42448
At time 445000: State[23] = 13e21224
At time 445000: State[24] = 49f10912
At time 445000: State[25] = 14f88489
At time 445000: State[26] = fe7c4244
At time 445000: State[27] = 303e2122
At time 445000: State[28] = e25f1091
At time 445000: State[29] = ea1f8848
At time 445000: State[30] = ad3bc424
At time 445000: State[31] = 4d22e212
At time 445000: LFSR Output = 11cf3109
At time 455000: State[0] = 1234fadc
At time 455000: State[1] = 891a7d6e
At time 455000: State[2] = 448d3eb7
At time 455000: State[3] = 22469f5b
At time 455000: State[4] = 91234fad
At time 455000: State[5] = 4891a7d6
At time 455000: State[6] = 2448d3eb
At time 455000: State[7] = 122469f5
At time 455000: State[8] = 091234fa
At time 455000: State[9] = 84891a7d
At time 455000: State[10] = 42448d3e
At time 455000: State[11] = 2122469f
At time 455000: State[12] = 1091234f
At time 455000: State[13] = 884891a7
At time 455000: State[14] = c42448d3
At time 455000: State[15] = e2122469
At time 455000: State[16] = f1091234
At time 455000: State[17] = f884891a
At time 455000: State[18] = 7c42448d
At time 455000: State[19] = 3e212246
At time 455000: State[20] = 9f109123
At time 455000: State[21] = 4f884891
At time 455000: State[22] = 27c42448
At time 455000: State[23] = 13e21224
At time 455000: State[24] = 09f10912
At time 455000: State[25] = 24f88489
At time 455000: State[26] = 8a7c4244
At time 455000: State[27] = 7f3e2122
At time 455000: State[28] = 181f1091
At time 455000: State[29] = f12f8848
At time 455000: State[30] = f50fc424
At time 455000: State[31] = d69de212
At time 455000: LFSR Output = 26917109
At time 465000: State[0] = 1234fadc
At time 465000: State[1] = 891a7d6e
At time 465000: State[2] = 448d3eb7
At time 465000: State[3] = 22469f5b
At time 465000: State[4] = 91234fad
At time 465000: State[5] = 4891a7d6
At time 465000: State[6] = 2448d3eb
At time 465000: State[7] = 122469f5
At time 465000: State[8] = 091234fa
At time 465000: State[9] = 84891a7d
At time 465000: State[10] = 42448d3e
At time 465000: State[11] = 2122469f
At time 465000: State[12] = 1091234f
At time 465000: State[13] = 884891a7
At time 465000: State[14] = c42448d3
At time 465000: State[15] = e2122469
At time 465000: State[16] = f1091234
At time 465000: State[17] = f884891a
At time 465000: State[18] = 7c42448d
At time 465000: State[19] = 3e212246
At time 465000: State[20] = 9f109123
At time 465000: State[21] = 4f884891
At time 465000: State[22] = 27c42448
At time 465000: State[23] = 13e21224
At time 465000: State[24] = 89f10912
At time 465000: State[25] = 04f88489
At time 465000: State[26] = 927c4244
At time 465000: State[27] = c53e2122
At time 465000: State[28] = bf9f1091
At time 465000: State[29] = 8c0f8848
At time 465000: State[30] = f897c424
At time 465000: State[31] = fa87e212
At time 465000: LFSR Output = 6b4ef109
At time 475000: State[0] = 1234fadc
At time 475000: State[1] = 891a7d6e
At time 475000: State[2] = 448d3eb7
At time 475000: State[3] = 22469f5b
At time 475000: State[4] = 91234fad
At time 475000: State[5] = 4891a7d6
At time 475000: State[6] = 2448d3eb
At time 475000: State[7] = 122469f5
At time 475000: State[8] = 091234fa
At time 475000: State[9] = 84891a7d
At time 475000: State[10] = 42448d3e
At time 475000: State[11] = 2122469f
At time 475000: State[12] = 1091234f
At time 475000: State[13] = 884891a7
At time 475000: State[14] = c42448d3
At time 475000: State[15] = e2122469
At time 475000: State[16] = f1091234
At time 475000: State[17] = f884891a
At time 475000: State[18] = 7c42448d
At time 475000: State[19] = 3e212246
At time 475000: State[20] = 9f109123
At time 475000: State[21] = 4f884891
At time 475000: State[22] = 27c42448
At time 475000: State[23] = 13e21224
At time 475000: State[24] = 89f10912
At time 475000: State[25] = c4f88489
At time 475000: State[26] = 027c4244
At time 475000: State[27] = c93e2122
At time 475000: State[28] = 629f1091
At time 475000: State[29] = 5fcf8848
At time 475000: State[30] = c607c424
At time 475000: State[31] = fc4be212
At time 475000: LFSR Output = fd43f109
At time 485000: State[0] = 1234fadc
At time 485000: State[1] = 891a7d6e
At time 485000: State[2] = 448d3eb7
At time 485000: State[3] = 22469f5b
At time 485000: State[4] = 91234fad
At time 485000: State[5] = 4891a7d6
At time 485000: State[6] = 2448d3eb
At time 485000: State[7] = 122469f5
At time 485000: State[8] = 091234fa
At time 485000: State[9] = 84891a7d
At time 485000: State[10] = 42448d3e
At time 485000: State[11] = 2122469f
At time 485000: State[12] = 1091234f
At time 485000: State[13] = 884891a7
At time 485000: State[14] = c42448d3
At time 485000: State[15] = e2122469
At time 485000: State[16] = f1091234
At time 485000: State[17] = f884891a
At time 485000: State[18] = 7c42448d
At time 485000: State[19] = 3e212246
At time 485000: State[20] = 9f109123
At time 485000: State[21] = 4f884891
At time 485000: State[22] = 27c42448
At time 485000: State[23] = 13e21224
At time 485000: State[24] = 89f10912
At time 485000: State[25] = 44f88489
At time 485000: State[26] = e27c4244
At time 485000: State[27] = 013e2122
At time 485000: State[28] = 649f1091
At time 485000: State[29] = b14f8848
At time 485000: State[30] = 2fe7c424
At time 485000: State[31] = 6303e212
At time 485000: LFSR Output = fe25f109
At time 495000: State[0] = 1234fadc
At time 495000: State[1] = 891a7d6e
At time 495000: State[2] = 448d3eb7
At time 495000: State[3] = 22469f5b
At time 495000: State[4] = 91234fad
At time 495000: State[5] = 4891a7d6
At time 495000: State[6] = 2448d3eb
At time 495000: State[7] = 122469f5
At time 495000: State[8] = 091234fa
At time 495000: State[9] = 84891a7d
At time 495000: State[10] = 42448d3e
At time 495000: State[11] = 2122469f
At time 495000: State[12] = 1091234f
At time 495000: State[13] = 884891a7
At time 495000: State[14] = c42448d3
At time 495000: State[15] = e2122469
At time 495000: State[16] = f1091234
At time 495000: State[17] = f884891a
At time 495000: State[18] = 7c42448d
At time 495000: State[19] = 3e212246
At time 495000: State[20] = 9f109123
At time 495000: State[21] = 4f884891
At time 495000: State[22] = 27c42448
At time 495000: State[23] = 13e21224
At time 495000: State[24] = 89f10912
At time 495000: State[25] = 44f88489
At time 495000: State[26] = a27c4244
At time 495000: State[27] = f13e2122
At time 495000: State[28] = 809f1091
At time 495000: State[29] = 324f8848
At time 495000: State[30] = d8a7c424
At time 495000: State[31] = 97f3e212
At time 495000: LFSR Output = 3181f109
At time 505000: State[0] = 1234fadc
At time 505000: State[1] = 891a7d6e
At time 505000: State[2] = 448d3eb7
At time 505000: State[3] = 22469f5b
At time 505000: State[4] = 91234fad
At time 505000: State[5] = 4891a7d6
At time 505000: State[6] = 2448d3eb
At time 505000: State[7] = 122469f5
At time 505000: State[8] = 091234fa
At time 505000: State[9] = 84891a7d
At time 505000: State[10] = 42448d3e
At time 505000: State[11] = 2122469f
At time 505000: State[12] = 1091234f
At time 505000: State[13] = 884891a7
At time 505000: State[14] = c42448d3
At time 505000: State[15] = e2122469
At time 505000: State[16] = f1091234
At time 505000: State[17] = f884891a
At time 505000: State[18] = 7c42448d
At time 505000: State[19] = 3e212246
At time 505000: State[20] = 9f109123
At time 505000: State[21] = 4f884891
At time 505000: State[22] = 27c42448
At time 505000: State[23] = 13e21224
At time 505000: State[24] = 89f10912
At time 505000: State[25] = 44f88489
At time 505000: State[26] = 227c4244
At time 505000: State[27] = 513e2122
At time 505000: State[28] = 789f1091
At time 505000: State[29] = c04f8848
At time 505000: State[30] = 1927c424
At time 505000: State[31] = ec53e212
At time 505000: LFSR Output = cbf9f109
At time 515000: State[0] = 1234fadc
At time 515000: State[1] = 891a7d6e
At time 515000: State[2] = 448d3eb7
At time 515000: State[3] = 22469f5b
At time 515000: State[4] = 91234fad
At time 515000: State[5] = 4891a7d6
At time 515000: State[6] = 2448d3eb
At time 515000: State[7] = 122469f5
At time 515000: State[8] = 091234fa
At time 515000: State[9] = 84891a7d
At time 515000: State[10] = 42448d3e
At time 515000: State[11] = 2122469f
At time 515000: State[12] = 1091234f
At time 515000: State[13] = 884891a7
At time 515000: State[14] = c42448d3
At time 515000: State[15] = e2122469
At time 515000: State[16] = f1091234
At time 515000: State[17] = f884891a
At time 515000: State[18] = 7c42448d
At time 515000: State[19] = 3e212246
At time 515000: State[20] = 9f109123
At time 515000: State[21] = 4f884891
At time 515000: State[22] = 27c42448
At time 515000: State[23] = 13e21224
At time 515000: State[24] = 89f10912
At time 515000: State[25] = 44f88489
At time 515000: State[26] = 227c4244
At time 515000: State[27] = 913e2122
At time 515000: State[28] = a89f1091
At time 515000: State[29] = 3c4f8848
At time 515000: State[30] = 6027c424
At time 515000: State[31] = 8c93e212
At time 515000: LFSR Output = 7629f109
At time 525000: State[0] = 1234fadc
At time 525000: State[1] = 891a7d6e
At time 525000: State[2] = 448d3eb7
At time 525000: State[3] = 22469f5b
At time 525000: State[4] = 91234fad
At time 525000: State[5] = 4891a7d6
At time 525000: State[6] = 2448d3eb
At time 525000: State[7] = 122469f5
At time 525000: State[8] = 091234fa
At time 525000: State[9] = 84891a7d
At time 525000: State[10] = 42448d3e
At time 525000: State[11] = 2122469f
At time 525000: State[12] = 1091234f
At time 525000: State[13] = 884891a7
At time 525000: State[14] = c42448d3
At time 525000: State[15] = e2122469
At time 525000: State[16] = f1091234
At time 525000: State[17] = f884891a
At time 525000: State[18] = 7c42448d
At time 525000: State[19] = 3e212246
At time 525000: State[20] = 9f109123
At time 525000: State[21] = 4f884891
At time 525000: State[22] = 27c42448
At time 525000: State[23] = 13e21224
At time 525000: State[24] = 89f10912
At time 525000: State[25] = 44f88489
At time 525000: State[26] = 227c4244
At time 525000: State[27] = 113e2122
At time 525000: State[28] = c89f1091
At time 525000: State[29] = 544f8848
At time 525000: State[30] = 1e27c424
At time 525000: State[31] = b013e212
At time 525000: LFSR Output = 4649f109
At time 535000: State[0] = 1234fadc
At time 535000: State[1] = 891a7d6e
At time 535000: State[2] = 448d3eb7
At time 535000: State[3] = 22469f5b
At time 535000: State[4] = 91234fad
At time 535000: State[5] = 4891a7d6
At time 535000: State[6] = 2448d3eb
At time 535000: State[7] = 122469f5
At time 535000: State[8] = 091234fa
At time 535000: State[9] = 84891a7d
At time 535000: State[10] = 42448d3e
At time 535000: State[11] = 2122469f
At time 535000: State[12] = 1091234f
At time 535000: State[13] = 884891a7
At time 535000: State[14] = c42448d3
At time 535000: State[15] = e2122469
At time 535000: State[16] = f1091234
At time 535000: State[17] = f884891a
At time 535000: State[18] = 7c42448d
At time 535000: State[19] = 3e212246
At time 535000: State[20] = 9f109123
At time 535000: State[21] = 4f884891
At time 535000: State[22] = 27c42448
At time 535000: State[23] = 13e21224
At time 535000: State[24] = 89f10912
At time 535000: State[25] = 44f88489
At time 535000: State[26] = 227c4244
At time 535000: State[27] = 113e2122
At time 535000: State[28] = 889f1091
At time 535000: State[29] = 644f8848
At time 535000: State[30] = 2a27c424
At time 535000: State[31] = 0f13e212
At time 535000: LFSR Output = 5809f109
At time 545000: State[0] = 1234fadc
At time 545000: State[1] = 891a7d6e
At time 545000: State[2] = 448d3eb7
At time 545000: State[3] = 22469f5b
At time 545000: State[4] = 91234fad
At time 545000: State[5] = 4891a7d6
At time 545000: State[6] = 2448d3eb
At time 545000: State[7] = 122469f5
At time 545000: State[8] = 091234fa
At time 545000: State[9] = 84891a7d
At time 545000: State[10] = 42448d3e
At time 545000: State[11] = 2122469f
At time 545000: State[12] = 1091234f
At time 545000: State[13] = 884891a7
At time 545000: State[14] = c42448d3
At time 545000: State[15] = e2122469
At time 545000: State[16] = f1091234
At time 545000: State[17] = f884891a
At time 545000: State[18] = 7c42448d
At time 545000: State[19] = 3e212246
At time 545000: State[20] = 9f109123
At time 545000: State[21] = 4f884891
At time 545000: State[22] = 27c42448
At time 545000: State[23] = 13e21224
At time 545000: State[24] = 89f10912
At time 545000: State[25] = 44f88489
At time 545000: State[26] = 227c4244
At time 545000: State[27] = 113e2122
At time 545000: State[28] = 089f1091
At time 545000: State[29] = 444f8848
At time 545000: State[30] = b227c424
At time 545000: State[31] = 1513e212
At time 545000: LFSR Output = 0789f109
At time 555000: State[0] = 1234fadc
At time 555000: State[1] = 891a7d6e
At time 555000: State[2] = 448d3eb7
At time 555000: State[3] = 22469f5b
At time 555000: State[4] = 91234fad
At time 555000: State[5] = 4891a7d6
At time 555000: State[6] = 2448d3eb
At time 555000: State[7] = 122469f5
At time 555000: State[8] = 091234fa
At time 555000: State[9] = 84891a7d
At time 555000: State[10] = 42448d3e
At time 555000: State[11] = 2122469f
At time 555000: State[12] = 1091234f
At time 555000: State[13] = 884891a7
At time 555000: State[14] = c42448d3
At time 555000: State[15] = e2122469
At time 555000: State[16] = f1091234
At time 555000: State[17] = f884891a
At time 555000: State[18] = 7c42448d
At time 555000: State[19] = 3e212246
At time 555000: State[20] = 9f109123
At time 555000: State[21] = 4f884891
At time 555000: State[22] = 27c42448
At time 555000: State[23] = 13e21224
At time 555000: State[24] = 89f10912
At time 555000: State[25] = 44f88489
At time 555000: State[26] = 227c4244
At time 555000: State[27] = 113e2122
At time 555000: State[28] = 089f1091
At time 555000: State[29] = 844f8848
At time 555000: State[30] = 2227c424
At time 555000: State[31] = d913e212
At time 555000: LFSR Output = 0a89f109
At time 565000: State[0] = 1234fadc
At time 565000: State[1] = 891a7d6e
At time 565000: State[2] = 448d3eb7
At time 565000: State[3] = 22469f5b
At time 565000: State[4] = 91234fad
At time 565000: State[5] = 4891a7d6
At time 565000: State[6] = 2448d3eb
At time 565000: State[7] = 122469f5
At time 565000: State[8] = 091234fa
At time 565000: State[9] = 84891a7d
At time 565000: State[10] = 42448d3e
At time 565000: State[11] = 2122469f
At time 565000: State[12] = 1091234f
At time 565000: State[13] = 884891a7
At time 565000: State[14] = c42448d3
At time 565000: State[15] = e2122469
At time 565000: State[16] = f1091234
At time 565000: State[17] = f884891a
At time 565000: State[18] = 7c42448d
At time 565000: State[19] = 3e212246
At time 565000: State[20] = 9f109123
At time 565000: State[21] = 4f884891
At time 565000: State[22] = 27c42448
At time 565000: State[23] = 13e21224
At time 565000: State[24] = 89f10912
At time 565000: State[25] = 44f88489
At time 565000: State[26] = 227c4244
At time 565000: State[27] = 113e2122
At time 565000: State[28] = 089f1091
At time 565000: State[29] = 044f8848
At time 565000: State[30] = c227c424
At time 565000: State[31] = 9113e212
At time 565000: LFSR Output = 6c89f109
At time 575000: State[0] = 1234fadc
At time 575000: State[1] = 891a7d6e
At time 575000: State[2] = 448d3eb7
At time 575000: State[3] = 22469f5b
At time 575000: State[4] = 91234fad
At time 575000: State[5] = 4891a7d6
At time 575000: State[6] = 2448d3eb
At time 575000: State[7] = 122469f5
At time 575000: State[8] = 091234fa
At time 575000: State[9] = 84891a7d
At time 575000: State[10] = 42448d3e
At time 575000: State[11] = 2122469f
At time 575000: State[12] = 1091234f
At time 575000: State[13] = 884891a7
At time 575000: State[14] = c42448d3
At time 575000: State[15] = e2122469
At time 575000: State[16] = f1091234
At time 575000: State[17] = f884891a
At time 575000: State[18] = 7c42448d
At time 575000: State[19] = 3e212246
At time 575000: State[20] = 9f109123
At time 575000: State[21] = 4f884891
At time 575000: State[22] = 27c42448
At time 575000: State[23] = 13e21224
At time 575000: State[24] = 89f10912
At time 575000: State[25] = 44f88489
At time 575000: State[26] = 227c4244
At time 575000: State[27] = 113e2122
At time 575000: State[28] = 089f1091
At time 575000: State[29] = 044f8848
At time 575000: State[30] = 8227c424
At time 575000: State[31] = 6113e212
At time 575000: LFSR Output = c889f109
At time 585000: State[0] = 1234fadc
At time 585000: State[1] = 891a7d6e
At time 585000: State[2] = 448d3eb7
At time 585000: State[3] = 22469f5b
At time 585000: State[4] = 91234fad
At time 585000: State[5] = 4891a7d6
At time 585000: State[6] = 2448d3eb
At time 585000: State[7] = 122469f5
At time 585000: State[8] = 091234fa
At time 585000: State[9] = 84891a7d
At time 585000: State[10] = 42448d3e
At time 585000: State[11] = 2122469f
At time 585000: State[12] = 1091234f
At time 585000: State[13] = 884891a7
At time 585000: State[14] = c42448d3
At time 585000: State[15] = e2122469
At time 585000: State[16] = f1091234
At time 585000: State[17] = f884891a
At time 585000: State[18] = 7c42448d
At time 585000: State[19] = 3e212246
At time 585000: State[20] = 9f109123
At time 585000: State[21] = 4f884891
At time 585000: State[22] = 27c42448
At time 585000: State[23] = 13e21224
At time 585000: State[24] = 89f10912
At time 585000: State[25] = 44f88489
At time 585000: State[26] = 227c4244
At time 585000: State[27] = 113e2122
At time 585000: State[28] = 089f1091
At time 585000: State[29] = 044f8848
At time 585000: State[30] = 0227c424
At time 585000: State[31] = c113e212
At time 585000: LFSR Output = b089f109
At time 595000: State[0] = 1234fadc
At time 595000: State[1] = 891a7d6e
At time 595000: State[2] = 448d3eb7
At time 595000: State[3] = 22469f5b
At time 595000: State[4] = 91234fad
At time 595000: State[5] = 4891a7d6
At time 595000: State[6] = 2448d3eb
At time 595000: State[7] = 122469f5
At time 595000: State[8] = 091234fa
At time 595000: State[9] = 84891a7d
At time 595000: State[10] = 42448d3e
At time 595000: State[11] = 2122469f
At time 595000: State[12] = 1091234f
At time 595000: State[13] = 884891a7
At time 595000: State[14] = c42448d3
At time 595000: State[15] = e2122469
At time 595000: State[16] = f1091234
At time 595000: State[17] = f884891a
At time 595000: State[18] = 7c42448d
At time 595000: State[19] = 3e212246
At time 595000: State[20] = 9f109123
At time 595000: State[21] = 4f884891
At time 595000: State[22] = 27c42448
At time 595000: State[23] = 13e21224
At time 595000: State[24] = 89f10912
At time 595000: State[25] = 44f88489
At time 595000: State[26] = 227c4244
At time 595000: State[27] = 113e2122
At time 595000: State[28] = 089f1091
At time 595000: State[29] = 044f8848
At time 595000: State[30] = 0227c424
At time 595000: State[31] = 0113e212
At time 595000: LFSR Output = 6089f109
At time 605000: State[0] = 1234fadc
At time 605000: State[1] = 891a7d6e
At time 605000: State[2] = 448d3eb7
At time 605000: State[3] = 22469f5b
At time 605000: State[4] = 91234fad
At time 605000: State[5] = 4891a7d6
At time 605000: State[6] = 2448d3eb
At time 605000: State[7] = 122469f5
At time 605000: State[8] = 091234fa
At time 605000: State[9] = 84891a7d
At time 605000: State[10] = 42448d3e
At time 605000: State[11] = 2122469f
At time 605000: State[12] = 1091234f
At time 605000: State[13] = 884891a7
At time 605000: State[14] = c42448d3
At time 605000: State[15] = e2122469
At time 605000: State[16] = f1091234
At time 605000: State[17] = f884891a
At time 605000: State[18] = 7c42448d
At time 605000: State[19] = 3e212246
At time 605000: State[20] = 9f109123
At time 605000: State[21] = 4f884891
At time 605000: State[22] = 27c42448
At time 605000: State[23] = 13e21224
At time 605000: State[24] = 89f10912
At time 605000: State[25] = 44f88489
At time 605000: State[26] = 227c4244
At time 605000: State[27] = 113e2122
At time 605000: State[28] = 089f1091
At time 605000: State[29] = 044f8848
At time 605000: State[30] = 0227c424
At time 605000: State[31] = 8113e212
At time 605000: LFSR Output = 0089f109
At time 615000: State[0] = 1234fadc
At time 615000: State[1] = 891a7d6e
At time 615000: State[2] = 448d3eb7
At time 615000: State[3] = 22469f5b
At time 615000: State[4] = 91234fad
At time 615000: State[5] = 4891a7d6
At time 615000: State[6] = 2448d3eb
At time 615000: State[7] = 122469f5
At time 615000: State[8] = 091234fa
At time 615000: State[9] = 84891a7d
At time 615000: State[10] = 42448d3e
At time 615000: State[11] = 2122469f
At time 615000: State[12] = 1091234f
At time 615000: State[13] = 884891a7
At time 615000: State[14] = c42448d3
At time 615000: State[15] = e2122469
At time 615000: State[16] = f1091234
At time 615000: State[17] = f884891a
At time 615000: State[18] = 7c42448d
At time 615000: State[19] = 3e212246
At time 615000: State[20] = 9f109123
At time 615000: State[21] = 4f884891
At time 615000: State[22] = 27c42448
At time 615000: State[23] = 13e21224
At time 615000: State[24] = 89f10912
At time 615000: State[25] = 44f88489
At time 615000: State[26] = 227c4244
At time 615000: State[27] = 113e2122
At time 615000: State[28] = 089f1091
At time 615000: State[29] = 044f8848
At time 615000: State[30] = 0227c424
At time 615000: State[31] = 8113e212
At time 615000: LFSR Output = 4089f109
At time 625000: State[0] = 1234fadc
At time 625000: State[1] = 891a7d6e
At time 625000: State[2] = 448d3eb7
At time 625000: State[3] = 22469f5b
At time 625000: State[4] = 91234fad
At time 625000: State[5] = 4891a7d6
At time 625000: State[6] = 2448d3eb
At time 625000: State[7] = 122469f5
At time 625000: State[8] = 091234fa
At time 625000: State[9] = 84891a7d
At time 625000: State[10] = 42448d3e
At time 625000: State[11] = 2122469f
At time 625000: State[12] = 1091234f
At time 625000: State[13] = 884891a7
At time 625000: State[14] = c42448d3
At time 625000: State[15] = e2122469
At time 625000: State[16] = f1091234
At time 625000: State[17] = f884891a
At time 625000: State[18] = 7c42448d
At time 625000: State[19] = 3e212246
At time 625000: State[20] = 9f109123
At time 625000: State[21] = 4f884891
At time 625000: State[22] = 27c42448
At time 625000: State[23] = 13e21224
At time 625000: State[24] = 89f10912
At time 625000: State[25] = 44f88489
At time 625000: State[26] = 227c4244
At time 625000: State[27] = 113e2122
At time 625000: State[28] = 089f1091
At time 625000: State[29] = 044f8848
At time 625000: State[30] = 0227c424
At time 625000: State[31] = 8113e212
At time 625000: LFSR Output = c089f109
At time 635000: State[0] = 1234fadc
At time 635000: State[1] = 891a7d6e
At time 635000: State[2] = 448d3eb7
At time 635000: State[3] = 22469f5b
At time 635000: State[4] = 91234fad
At time 635000: State[5] = 4891a7d6
At time 635000: State[6] = 2448d3eb
At time 635000: State[7] = 122469f5
At time 635000: State[8] = 091234fa
At time 635000: State[9] = 84891a7d
At time 635000: State[10] = 42448d3e
At time 635000: State[11] = 2122469f
At time 635000: State[12] = 1091234f
At time 635000: State[13] = 884891a7
At time 635000: State[14] = c42448d3
At time 635000: State[15] = e2122469
At time 635000: State[16] = f1091234
At time 635000: State[17] = f884891a
At time 635000: State[18] = 7c42448d
At time 635000: State[19] = 3e212246
At time 635000: State[20] = 9f109123
At time 635000: State[21] = 4f884891
At time 635000: State[22] = 27c42448
At time 635000: State[23] = 13e21224
At time 635000: State[24] = 89f10912
At time 635000: State[25] = 44f88489
At time 635000: State[26] = 227c4244
At time 635000: State[27] = 113e2122
At time 635000: State[28] = 089f1091
At time 635000: State[29] = 044f8848
At time 635000: State[30] = 0227c424
At time 635000: State[31] = 8113e212
At time 645000: State[0] = 1234fadc
At time 645000: State[1] = 891a7d6e
At time 645000: State[2] = 448d3eb7
At time 645000: State[3] = 22469f5b
At time 645000: State[4] = 91234fad
At time 645000: State[5] = 4891a7d6
At time 645000: State[6] = 2448d3eb
At time 645000: State[7] = 122469f5
At time 645000: State[8] = 091234fa
At time 645000: State[9] = 84891a7d
At time 645000: State[10] = 42448d3e
At time 645000: State[11] = 2122469f
At time 645000: State[12] = 1091234f
At time 645000: State[13] = 884891a7
At time 645000: State[14] = c42448d3
At time 645000: State[15] = e2122469
At time 645000: State[16] = f1091234
At time 645000: State[17] = f884891a
At time 645000: State[18] = 7c42448d
At time 645000: State[19] = 3e212246
At time 645000: State[20] = 9f109123
At time 645000: State[21] = 4f884891
At time 645000: State[22] = 27c42448
At time 645000: State[23] = 13e21224
At time 645000: State[24] = 89f10912
At time 645000: State[25] = 44f88489
At time 645000: State[26] = 227c4244
At time 645000: State[27] = 113e2122
At time 645000: State[28] = 089f1091
At time 645000: State[29] = 044f8848
At time 645000: State[30] = 0227c424
At time 645000: State[31] = 8113e212
At time 655000: State[0] = 1234fadc
At time 655000: State[1] = 891a7d6e
At time 655000: State[2] = 448d3eb7
At time 655000: State[3] = 22469f5b
At time 655000: State[4] = 91234fad
At time 655000: State[5] = 4891a7d6
At time 655000: State[6] = 2448d3eb
At time 655000: State[7] = 122469f5
At time 655000: State[8] = 091234fa
At time 655000: State[9] = 84891a7d
At time 655000: State[10] = 42448d3e
At time 655000: State[11] = 2122469f
At time 655000: State[12] = 1091234f
At time 655000: State[13] = 884891a7
At time 655000: State[14] = c42448d3
At time 655000: State[15] = e2122469
At time 655000: State[16] = f1091234
At time 655000: State[17] = f884891a
At time 655000: State[18] = 7c42448d
At time 655000: State[19] = 3e212246
At time 655000: State[20] = 9f109123
At time 655000: State[21] = 4f884891
At time 655000: State[22] = 27c42448
At time 655000: State[23] = 13e21224
At time 655000: State[24] = 89f10912
At time 655000: State[25] = 44f88489
At time 655000: State[26] = 227c4244
At time 655000: State[27] = 113e2122
At time 655000: State[28] = 089f1091
At time 655000: State[29] = 044f8848
At time 655000: State[30] = 0227c424
At time 655000: State[31] = 8113e212
At time 665000: State[0] = 1234fadc
At time 665000: State[1] = 891a7d6e
At time 665000: State[2] = 448d3eb7
At time 665000: State[3] = 22469f5b
At time 665000: State[4] = 91234fad
At time 665000: State[5] = 4891a7d6
At time 665000: State[6] = 2448d3eb
At time 665000: State[7] = 122469f5
At time 665000: State[8] = 091234fa
At time 665000: State[9] = 84891a7d
At time 665000: State[10] = 42448d3e
At time 665000: State[11] = 2122469f
At time 665000: State[12] = 1091234f
At time 665000: State[13] = 884891a7
At time 665000: State[14] = c42448d3
At time 665000: State[15] = e2122469
At time 665000: State[16] = f1091234
At time 665000: State[17] = f884891a
At time 665000: State[18] = 7c42448d
At time 665000: State[19] = 3e212246
At time 665000: State[20] = 9f109123
At time 665000: State[21] = 4f884891
At time 665000: State[22] = 27c42448
At time 665000: State[23] = 13e21224
At time 665000: State[24] = 89f10912
At time 665000: State[25] = 44f88489
At time 665000: State[26] = 227c4244
At time 665000: State[27] = 113e2122
At time 665000: State[28] = 089f1091
At time 665000: State[29] = 044f8848
At time 665000: State[30] = 0227c424
At time 665000: State[31] = 8113e212
At time 675000: State[0] = 1234fadc
At time 675000: State[1] = 891a7d6e
At time 675000: State[2] = 448d3eb7
At time 675000: State[3] = 22469f5b
At time 675000: State[4] = 91234fad
At time 675000: State[5] = 4891a7d6
At time 675000: State[6] = 2448d3eb
At time 675000: State[7] = 122469f5
At time 675000: State[8] = 091234fa
At time 675000: State[9] = 84891a7d
At time 675000: State[10] = 42448d3e
At time 675000: State[11] = 2122469f
At time 675000: State[12] = 1091234f
At time 675000: State[13] = 884891a7
At time 675000: State[14] = c42448d3
At time 675000: State[15] = e2122469
At time 675000: State[16] = f1091234
At time 675000: State[17] = f884891a
At time 675000: State[18] = 7c42448d
At time 675000: State[19] = 3e212246
At time 675000: State[20] = 9f109123
At time 675000: State[21] = 4f884891
At time 675000: State[22] = 27c42448
At time 675000: State[23] = 13e21224
At time 675000: State[24] = 89f10912
At time 675000: State[25] = 44f88489
At time 675000: State[26] = 227c4244
At time 675000: State[27] = 113e2122
At time 675000: State[28] = 089f1091
At time 675000: State[29] = 044f8848
At time 675000: State[30] = 0227c424
At time 675000: State[31] = 8113e212
At time 685000: State[0] = 1234fadc
At time 685000: State[1] = 891a7d6e
At time 685000: State[2] = 448d3eb7
At time 685000: State[3] = 22469f5b
At time 685000: State[4] = 91234fad
At time 685000: State[5] = 4891a7d6
At time 685000: State[6] = 2448d3eb
At time 685000: State[7] = 122469f5
At time 685000: State[8] = 091234fa
At time 685000: State[9] = 84891a7d
At time 685000: State[10] = 42448d3e
At time 685000: State[11] = 2122469f
At time 685000: State[12] = 1091234f
At time 685000: State[13] = 884891a7
At time 685000: State[14] = c42448d3
At time 685000: State[15] = e2122469
At time 685000: State[16] = f1091234
At time 685000: State[17] = f884891a
At time 685000: State[18] = 7c42448d
At time 685000: State[19] = 3e212246
At time 685000: State[20] = 9f109123
At time 685000: State[21] = 4f884891
At time 685000: State[22] = 27c42448
At time 685000: State[23] = 13e21224
At time 685000: State[24] = 89f10912
At time 685000: State[25] = 44f88489
At time 685000: State[26] = 227c4244
At time 685000: State[27] = 113e2122
At time 685000: State[28] = 089f1091
At time 685000: State[29] = 044f8848
At time 685000: State[30] = 0227c424
At time 685000: State[31] = 8113e212
At time 695000: State[0] = 1234fadc
At time 695000: State[1] = 891a7d6e
At time 695000: State[2] = 448d3eb7
At time 695000: State[3] = 22469f5b
At time 695000: State[4] = 91234fad
At time 695000: State[5] = 4891a7d6
At time 695000: State[6] = 2448d3eb
At time 695000: State[7] = 122469f5
At time 695000: State[8] = 091234fa
At time 695000: State[9] = 84891a7d
At time 695000: State[10] = 42448d3e
At time 695000: State[11] = 2122469f
At time 695000: State[12] = 1091234f
At time 695000: State[13] = 884891a7
At time 695000: State[14] = c42448d3
At time 695000: State[15] = e2122469
At time 695000: State[16] = f1091234
At time 695000: State[17] = f884891a
At time 695000: State[18] = 7c42448d
At time 695000: State[19] = 3e212246
At time 695000: State[20] = 9f109123
At time 695000: State[21] = 4f884891
At time 695000: State[22] = 27c42448
At time 695000: State[23] = 13e21224
At time 695000: State[24] = 89f10912
At time 695000: State[25] = 44f88489
At time 695000: State[26] = 227c4244
At time 695000: State[27] = 113e2122
At time 695000: State[28] = 089f1091
At time 695000: State[29] = 044f8848
At time 695000: State[30] = 0227c424
At time 695000: State[31] = 8113e212
At time 705000: State[0] = 1234fadc
At time 705000: State[1] = 891a7d6e
At time 705000: State[2] = 448d3eb7
At time 705000: State[3] = 22469f5b
At time 705000: State[4] = 91234fad
At time 705000: State[5] = 4891a7d6
At time 705000: State[6] = 2448d3eb
At time 705000: State[7] = 122469f5
At time 705000: State[8] = 091234fa
At time 705000: State[9] = 84891a7d
At time 705000: State[10] = 42448d3e
At time 705000: State[11] = 2122469f
At time 705000: State[12] = 1091234f
At time 705000: State[13] = 884891a7
At time 705000: State[14] = c42448d3
At time 705000: State[15] = e2122469
At time 705000: State[16] = f1091234
At time 705000: State[17] = f884891a
At time 705000: State[18] = 7c42448d
At time 705000: State[19] = 3e212246
At time 705000: State[20] = 9f109123
At time 705000: State[21] = 4f884891
At time 705000: State[22] = 27c42448
At time 705000: State[23] = 13e21224
At time 705000: State[24] = 89f10912
At time 705000: State[25] = 44f88489
At time 705000: State[26] = 227c4244
At time 705000: State[27] = 113e2122
At time 705000: State[28] = 089f1091
At time 705000: State[29] = 044f8848
At time 705000: State[30] = 0227c424
At time 705000: State[31] = 8113e212
At time 715000: State[0] = 1234fadc
At time 715000: State[1] = 891a7d6e
At time 715000: State[2] = 448d3eb7
At time 715000: State[3] = 22469f5b
At time 715000: State[4] = 91234fad
At time 715000: State[5] = 4891a7d6
At time 715000: State[6] = 2448d3eb
At time 715000: State[7] = 122469f5
At time 715000: State[8] = 091234fa
At time 715000: State[9] = 84891a7d
At time 715000: State[10] = 42448d3e
At time 715000: State[11] = 2122469f
At time 715000: State[12] = 1091234f
At time 715000: State[13] = 884891a7
At time 715000: State[14] = c42448d3
At time 715000: State[15] = e2122469
At time 715000: State[16] = f1091234
At time 715000: State[17] = f884891a
At time 715000: State[18] = 7c42448d
At time 715000: State[19] = 3e212246
At time 715000: State[20] = 9f109123
At time 715000: State[21] = 4f884891
At time 715000: State[22] = 27c42448
At time 715000: State[23] = 13e21224
At time 715000: State[24] = 89f10912
At time 715000: State[25] = 44f88489
At time 715000: State[26] = 227c4244
At time 715000: State[27] = 113e2122
At time 715000: State[28] = 089f1091
At time 715000: State[29] = 044f8848
At time 715000: State[30] = 0227c424
At time 715000: State[31] = 8113e212
At time 725000: State[0] = 1234fadc
At time 725000: State[1] = 891a7d6e
At time 725000: State[2] = 448d3eb7
At time 725000: State[3] = 22469f5b
At time 725000: State[4] = 91234fad
At time 725000: State[5] = 4891a7d6
At time 725000: State[6] = 2448d3eb
At time 725000: State[7] = 122469f5
At time 725000: State[8] = 091234fa
At time 725000: State[9] = 84891a7d
At time 725000: State[10] = 42448d3e
At time 725000: State[11] = 2122469f
At time 725000: State[12] = 1091234f
At time 725000: State[13] = 884891a7
At time 725000: State[14] = c42448d3
At time 725000: State[15] = e2122469
At time 725000: State[16] = f1091234
At time 725000: State[17] = f884891a
At time 725000: State[18] = 7c42448d
At time 725000: State[19] = 3e212246
At time 725000: State[20] = 9f109123
At time 725000: State[21] = 4f884891
At time 725000: State[22] = 27c42448
At time 725000: State[23] = 13e21224
At time 725000: State[24] = 89f10912
At time 725000: State[25] = 44f88489
At time 725000: State[26] = 227c4244
At time 725000: State[27] = 113e2122
At time 725000: State[28] = 089f1091
At time 725000: State[29] = 044f8848
At time 725000: State[30] = 0227c424
At time 725000: State[31] = 8113e212
At time 735000: State[0] = 1234fadc
At time 735000: State[1] = 891a7d6e
At time 735000: State[2] = 448d3eb7
At time 735000: State[3] = 22469f5b
At time 735000: State[4] = 91234fad
At time 735000: State[5] = 4891a7d6
At time 735000: State[6] = 2448d3eb
At time 735000: State[7] = 122469f5
At time 735000: State[8] = 091234fa
At time 735000: State[9] = 84891a7d
At time 735000: State[10] = 42448d3e
At time 735000: State[11] = 2122469f
At time 735000: State[12] = 1091234f
At time 735000: State[13] = 884891a7
At time 735000: State[14] = c42448d3
At time 735000: State[15] = e2122469
At time 735000: State[16] = f1091234
At time 735000: State[17] = f884891a
At time 735000: State[18] = 7c42448d
At time 735000: State[19] = 3e212246
At time 735000: State[20] = 9f109123
At time 735000: State[21] = 4f884891
At time 735000: State[22] = 27c42448
At time 735000: State[23] = 13e21224
At time 735000: State[24] = 89f10912
At time 735000: State[25] = 44f88489
At time 735000: State[26] = 227c4244
At time 735000: State[27] = 113e2122
At time 735000: State[28] = 089f1091
At time 735000: State[29] = 044f8848
At time 735000: State[30] = 0227c424
At time 735000: State[31] = 8113e212
At time 745000: State[0] = 1234fadc
At time 745000: State[1] = 891a7d6e
At time 745000: State[2] = 448d3eb7
At time 745000: State[3] = 22469f5b
At time 745000: State[4] = 91234fad
At time 745000: State[5] = 4891a7d6
At time 745000: State[6] = 2448d3eb
At time 745000: State[7] = 122469f5
At time 745000: State[8] = 091234fa
At time 745000: State[9] = 84891a7d
At time 745000: State[10] = 42448d3e
At time 745000: State[11] = 2122469f
At time 745000: State[12] = 1091234f
At time 745000: State[13] = 884891a7
At time 745000: State[14] = c42448d3
At time 745000: State[15] = e2122469
At time 745000: State[16] = f1091234
At time 745000: State[17] = f884891a
At time 745000: State[18] = 7c42448d
At time 745000: State[19] = 3e212246
At time 745000: State[20] = 9f109123
At time 745000: State[21] = 4f884891
At time 745000: State[22] = 27c42448
At time 745000: State[23] = 13e21224
At time 745000: State[24] = 89f10912
At time 745000: State[25] = 44f88489
At time 745000: State[26] = 227c4244
At time 745000: State[27] = 113e2122
At time 745000: State[28] = 089f1091
At time 745000: State[29] = 044f8848
At time 745000: State[30] = 0227c424
At time 745000: State[31] = 8113e212
At time 755000: State[0] = 1234fadc
At time 755000: State[1] = 891a7d6e
At time 755000: State[2] = 448d3eb7
At time 755000: State[3] = 22469f5b
At time 755000: State[4] = 91234fad
At time 755000: State[5] = 4891a7d6
At time 755000: State[6] = 2448d3eb
At time 755000: State[7] = 122469f5
At time 755000: State[8] = 091234fa
At time 755000: State[9] = 84891a7d
At time 755000: State[10] = 42448d3e
At time 755000: State[11] = 2122469f
At time 755000: State[12] = 1091234f
At time 755000: State[13] = 884891a7
At time 755000: State[14] = c42448d3
At time 755000: State[15] = e2122469
At time 755000: State[16] = f1091234
At time 755000: State[17] = f884891a
At time 755000: State[18] = 7c42448d
At time 755000: State[19] = 3e212246
At time 755000: State[20] = 9f109123
At time 755000: State[21] = 4f884891
At time 755000: State[22] = 27c42448
At time 755000: State[23] = 13e21224
At time 755000: State[24] = 89f10912
At time 755000: State[25] = 44f88489
At time 755000: State[26] = 227c4244
At time 755000: State[27] = 113e2122
At time 755000: State[28] = 089f1091
At time 755000: State[29] = 044f8848
At time 755000: State[30] = 0227c424
At time 755000: State[31] = 8113e212
$finish called at time : 760 ns : File "D:/HDL/lab/activecore/designs/rtl/udm/tb/tb.sv" Line 55
