#-----------------------------------------------------------
# Vivado v2019.1 (64-bit)
# SW Build 2552052 on Fri May 24 14:49:42 MDT 2019
# IP Build 2548770 on Fri May 24 18:01:18 MDT 2019
# Start of session at: Wed Dec 11 17:16:35 2024
# Process ID: 13268
# Current directory: C:/Users/user/Desktop/activecore/activecore/designs/rtl/udm/syn/NEXYS4_DDR
# Command line: vivado.exe -gui_launcher_event rodinguilauncherevent4464 C:\Users\user\Desktop\activecore\activecore\designs\rtl\udm\syn\NEXYS4_DDR\NEXYS4_DDR.xpr
# Log file: C:/Users/user/Desktop/activecore/activecore/designs/rtl/udm/syn/NEXYS4_DDR/vivado.log
# Journal file: C:/Users/user/Desktop/activecore/activecore/designs/rtl/udm/syn/NEXYS4_DDR\vivado.jou
#-----------------------------------------------------------
start_gui
open_project C:/Users/user/Desktop/activecore/activecore/designs/rtl/udm/syn/NEXYS4_DDR/NEXYS4_DDR.xpr
INFO: [Project 1-313] Project file moved from 'D:/HDL/lab/activecore/designs/rtl/udm/syn/NEXYS4_DDR' since last save.
Scanning sources...
Finished scanning sources
INFO: [IP_Flow 19-234] Refreshing IP repositories
INFO: [IP_Flow 19-1704] No user IP repositories specified
INFO: [IP_Flow 19-2313] Loaded Vivado IP repository 'C:/Xilinx/Vivado/2019.1/data/ip'.
open_project: Time (s): cpu = 00:00:10 ; elapsed = 00:00:06 . Memory (MB): peak = 776.020 ; gain = 136.074
exit
INFO: [Common 17-206] Exiting Vivado at Wed Dec 11 17:30:25 2024...
