#-----------------------------------------------------------
# Vivado v2019.1 (64-bit)
# SW Build 2552052 on Fri May 24 14:49:42 MDT 2019
# IP Build 2548770 on Fri May 24 18:01:18 MDT 2019
# Start of session at: Thu Oct 17 17:40:02 2024
# Process ID: 5468
# Current directory: C:/1/activecore-master/activecore-master/designs/rtl/udm/syn/NEXYS4_DDR
# Command line: vivado.exe -gui_launcher_event rodinguilauncherevent15060 C:\1\activecore-master\activecore-master\designs\rtl\udm\syn\NEXYS4_DDR\NEXYS4_DDR.xpr
# Log file: C:/1/activecore-master/activecore-master/designs/rtl/udm/syn/NEXYS4_DDR/vivado.log
# Journal file: C:/1/activecore-master/activecore-master/designs/rtl/udm/syn/NEXYS4_DDR\vivado.jou
#-----------------------------------------------------------
start_gui
open_project C:/1/activecore-master/activecore-master/designs/rtl/udm/syn/NEXYS4_DDR/NEXYS4_DDR.xpr
Scanning sources...
Finished scanning sources
INFO: [IP_Flow 19-234] Refreshing IP repositories
INFO: [IP_Flow 19-1704] No user IP repositories specified
INFO: [IP_Flow 19-2313] Loaded Vivado IP repository 'C:/Xilinx/Vivado/2019.1/data/ip'.
open_project: Time (s): cpu = 00:00:19 ; elapsed = 00:00:09 . Memory (MB): peak = 722.730 ; gain = 127.609
open_hw
connect_hw_server
INFO: [Labtools 27-2285] Connecting to hw_server url TCP:localhost:3121
INFO: [Labtools 27-2222] Launching hw_server...
INFO: [Labtools 27-2221] Launch Output:

****** Xilinx hw_server v2019.1
  **** Build date : May 24 2019 at 15:13:31
    ** Copyright 1986-2019 Xilinx, Inc. All Rights Reserved.


open_hw_target
INFO: [Labtoolstcl 44-466] Opening hw_target localhost:3121/xilinx_tcf/Digilent/210292710630A
ERROR: [Labtools 27-2269] No devices detected on target localhost:3121/xilinx_tcf/Digilent/210292710630A.
Check cable connectivity and that the target board is powered up then
use the disconnect_hw_server and connect_hw_server to re-register this hardware target.
ERROR: [Common 17-39] 'open_hw_target' failed due to earlier errors.
set_property PROBES.FILE {} [get_hw_devices xc7a100t_0]
set_property FULL_PROBES.FILE {} [get_hw_devices xc7a100t_0]
set_property PROGRAM.FILE {C:/1/activecore-master/activecore-master/designs/rtl/udm/syn/NEXYS4_DDR/NEXYS4_DDR.runs/impl_1/NEXYS4_DDR.bit} [get_hw_devices xc7a100t_0]
program_hw_devices [get_hw_devices xc7a100t_0]
INFO: [Labtools 27-3164] End of startup status: HIGH
refresh_hw_device [lindex [get_hw_devices xc7a100t_0] 0]
INFO: [Labtools 27-1434] Device xc7a100t (JTAG device index = 0) is programmed with a design that has no supported debug core(s) in it.
launch_simulation
INFO: [Vivado 12-5698] Checking validity of IPs in the design for the 'XSim' simulator...
INFO: [Vivado 12-5682] Launching behavioral simulation in 'C:/1/activecore-master/activecore-master/designs/rtl/udm/syn/NEXYS4_DDR/NEXYS4_DDR.sim/sim_1/behav/xsim'
INFO: [Vivado 12-4795] Using compiled simulation libraries for IPs
INFO: [SIM-utils-51] Simulation object is 'sim_1'
INFO: [USF-XSim-7] Finding pre-compiled libraries...
INFO: [USF-XSim-11] File 'C:/Xilinx/Vivado/2019.1/data/xsim/xsim.ini' copied to run dir:'C:/1/activecore-master/activecore-master/designs/rtl/udm/syn/NEXYS4_DDR/NEXYS4_DDR.sim/sim_1/behav/xsim'
INFO: [SIM-utils-54] Inspecting design source files for 'tb' in fileset 'sim_1'...
WARNING: [SIM-utils-52] IP component XML file does not exist: 'c:/1/activecore-master/activecore-master/designs/rtl/udm/syn/NEXYS4_DDR/NEXYS4_DDR.srcs/sources_1/ip/sys_clk/sys_clk.xml'
INFO: [USF-XSim-97] Finding global include files...
INFO: [USF-XSim-100] Fetching design files from 'sources_1'...(this may take a while)...
INFO: [USF-XSim-101] Fetching design files from 'sim_1'...
INFO: [USF-XSim-2] XSim::Compile design
INFO: [USF-XSim-61] Executing 'COMPILE and ANALYZE' step in 'C:/1/activecore-master/activecore-master/designs/rtl/udm/syn/NEXYS4_DDR/NEXYS4_DDR.sim/sim_1/behav/xsim'
"xvlog --incr --relax -prj tb_vlog.prj"
INFO: [VRFC 10-2263] Analyzing SystemVerilog file "C:/1/activecore-master/activecore-master/designs/rtl/udm/tb/tb.sv" into library xil_defaultlib
INFO: [VRFC 10-311] analyzing module tb
WARNING: [VRFC 10-3824] variable 'ARRSIZE' must explicitly be declared as automatic or static [C:/1/activecore-master/activecore-master/designs/rtl/udm/tb/tb.sv:208]
INFO: [VRFC 10-2263] Analyzing SystemVerilog file "C:/1/activecore-master/activecore-master/designs/rtl/udm/syn/NEXYS4_DDR/NEXYS4_DDR.sv" into library xil_defaultlib
INFO: [VRFC 10-311] analyzing module NEXYS4_DDR
INFO: [USF-XSim-69] 'compile' step finished in '2' seconds
INFO: [USF-XSim-3] XSim::Elaborate design
INFO: [USF-XSim-61] Executing 'ELABORATE' step in 'C:/1/activecore-master/activecore-master/designs/rtl/udm/syn/NEXYS4_DDR/NEXYS4_DDR.sim/sim_1/behav/xsim'
"xelab -wto 03603160a2ff4bb7b83a1876f332687d --incr --debug typical --relax --mt 2 -L xil_defaultlib -L unisims_ver -L unimacro_ver -L secureip -L xpm --snapshot tb_behav xil_defaultlib.tb xil_defaultlib.glbl -log elaborate.log"
Vivado Simulator 2019.1
Copyright 1986-1999, 2001-2019 Xilinx, Inc. All Rights Reserved.
Running: C:/Xilinx/Vivado/2019.1/bin/unwrapped/win64.o/xelab.exe -wto 03603160a2ff4bb7b83a1876f332687d --incr --debug typical --relax --mt 2 -L xil_defaultlib -L unisims_ver -L unimacro_ver -L secureip -L xpm --snapshot tb_behav xil_defaultlib.tb xil_defaultlib.glbl -log elaborate.log 
Using 2 slave threads.
Starting static elaboration
ERROR: [VRFC 10-2063] Module <LFSR> not found while processing module instance <lfsr_inst> [C:/1/activecore-master/activecore-master/designs/rtl/udm/syn/NEXYS4_DDR/NEXYS4_DDR.sv:286]
ERROR: [XSIM 43-3322] Static elaboration of top level Verilog design unit(s) in library work failed.
INFO: [USF-XSim-69] 'elaborate' step finished in '2' seconds
INFO: [USF-XSim-99] Step results log file:'C:/1/activecore-master/activecore-master/designs/rtl/udm/syn/NEXYS4_DDR/NEXYS4_DDR.sim/sim_1/behav/xsim/elaborate.log'
ERROR: [USF-XSim-62] 'elaborate' step failed with error(s). Please check the Tcl console output or 'C:/1/activecore-master/activecore-master/designs/rtl/udm/syn/NEXYS4_DDR/NEXYS4_DDR.sim/sim_1/behav/xsim/elaborate.log' file for more information.
ERROR: [Vivado 12-4473] Detected error while running simulation. Please correct the issue and retry this operation.
launch_simulation: Time (s): cpu = 00:00:01 ; elapsed = 00:00:06 . Memory (MB): peak = 1956.891 ; gain = 0.000
ERROR: [Common 17-39] 'launch_simulation' failed due to earlier errors.
ERROR: [Labtoolstcl 44-513] HW Target shutdown. Closing target: localhost:3121/xilinx_tcf/Digilent/210292710630A
exit
INFO: [Common 17-206] Exiting Vivado at Fri Oct 18 16:00:47 2024...
